This file contains any messages produced by compilers while
running configure, to aid debugging if configure makes a mistake.

It was created by Workspace configure 0.0.8, which was
generated by GNU Autoconf 2.69.  Invocation command line was

  $ ./configure --no-create --no-recursion

## --------- ##
## Platform. ##
## --------- ##

hostname = t400
uname -m = x86_64
uname -r = 4.9.0-3-amd64
uname -s = Linux
uname -v = #1 SMP Debian 4.9.30-2+deb9u5 (2017-09-19)

/usr/bin/uname -p = unknown
/bin/uname -X     = unknown

/bin/arch              = unknown
/usr/bin/arch -k       = unknown
/usr/convex/getsysinfo = unknown
/usr/bin/hostinfo      = unknown
/bin/machine           = unknown
/usr/bin/oslevel       = unknown
/bin/universe          = unknown

PATH: /usr/local/bin
PATH: /usr/bin
PATH: /bin
PATH: /usr/local/games
PATH: /usr/games
PATH: /usr/sbin/


## ----------- ##
## Core tests. ##
## ----------- ##

configure:2479: checking for a BSD-compatible install
configure:2547: result: /usr/bin/install -c
configure:2558: checking whether build environment is sane
configure:2613: result: yes
configure:2764: checking for a thread-safe mkdir -p
configure:2803: result: /bin/mkdir -p
configure:2810: checking for gawk
configure:2826: found /usr/bin/gawk
configure:2837: result: gawk
configure:2848: checking whether make sets $(MAKE)
configure:2870: result: yes
configure:2899: checking whether make supports nested variables
configure:2916: result: yes
configure:3075: checking for style of include used by make
configure:3103: result: GNU
configure:3174: checking for gcc
configure:3190: found /usr/bin/gcc
configure:3201: result: gcc
configure:3430: checking for C compiler version
configure:3439: gcc --version >&5
gcc (Debian 6.3.0-18) 6.3.0 20170516
Copyright (C) 2016 Free Software Foundation, Inc.
This is free software; see the source for copying conditions.  There is NO
warranty; not even for MERCHANTABILITY or FITNESS FOR A PARTICULAR PURPOSE.

configure:3450: $? = 0
configure:3439: gcc -v >&5
Using built-in specs.
COLLECT_GCC=gcc
COLLECT_LTO_WRAPPER=/usr/lib/gcc/x86_64-linux-gnu/6/lto-wrapper
Target: x86_64-linux-gnu
Configured with: ../src/configure -v --with-pkgversion='Debian 6.3.0-18' --with-bugurl=file:///usr/share/doc/gcc-6/README.Bugs --enable-languages=c,ada,c++,java,go,d,fortran,objc,obj-c++ --prefix=/usr --program-suffix=-6 --program-prefix=x86_64-linux-gnu- --enable-shared --enable-linker-build-id --libexecdir=/usr/lib --without-included-gettext --enable-threads=posix --libdir=/usr/lib --enable-nls --with-sysroot=/ --enable-clocale=gnu --enable-libstdcxx-debug --enable-libstdcxx-time=yes --with-default-libstdcxx-abi=new --enable-gnu-unique-object --disable-vtable-verify --enable-libmpx --enable-plugin --enable-default-pie --with-system-zlib --disable-browser-plugin --enable-java-awt=gtk --enable-gtk-cairo --with-java-home=/usr/lib/jvm/java-1.5.0-gcj-6-amd64/jre --enable-java-home --with-jvm-root-dir=/usr/lib/jvm/java-1.5.0-gcj-6-amd64 --with-jvm-jar-dir=/usr/lib/jvm-exports/java-1.5.0-gcj-6-amd64 --with-arch-directory=amd64 --with-ecj-jar=/usr/share/java/eclipse-ecj.jar --with-target-system-zlib --enable-objc-gc=auto --enable-multiarch --with-arch-32=i686 --with-abi=m64 --with-multilib-list=m32,m64,mx32 --enable-multilib --with-tune=generic --enable-checking=release --build=x86_64-linux-gnu --host=x86_64-linux-gnu --target=x86_64-linux-gnu
Thread model: posix
gcc version 6.3.0 20170516 (Debian 6.3.0-18) 
configure:3450: $? = 0
configure:3439: gcc -V >&5
gcc: error: unrecognized command line option '-V'
gcc: fatal error: no input files
compilation terminated.
configure:3450: $? = 1
configure:3439: gcc -qversion >&5
gcc: error: unrecognized command line option '-qversion'; did you mean '--version'?
gcc: fatal error: no input files
compilation terminated.
configure:3450: $? = 1
configure:3470: checking whether the C compiler works
configure:3492: gcc    conftest.c  >&5
configure:3496: $? = 0
configure:3544: result: yes
configure:3547: checking for C compiler default output file name
configure:3549: result: a.out
configure:3555: checking for suffix of executables
configure:3562: gcc -o conftest    conftest.c  >&5
configure:3566: $? = 0
configure:3588: result: 
configure:3610: checking whether we are cross compiling
configure:3618: gcc -o conftest    conftest.c  >&5
configure:3622: $? = 0
configure:3629: ./conftest
configure:3633: $? = 0
configure:3648: result: no
configure:3653: checking for suffix of object files
configure:3675: gcc -c   conftest.c >&5
configure:3679: $? = 0
configure:3700: result: o
configure:3704: checking whether we are using the GNU C compiler
configure:3723: gcc -c   conftest.c >&5
configure:3723: $? = 0
configure:3732: result: yes
configure:3741: checking whether gcc accepts -g
configure:3761: gcc -c -g  conftest.c >&5
configure:3761: $? = 0
configure:3802: result: yes
configure:3819: checking for gcc option to accept ISO C89
configure:3882: gcc  -c -g -O2  conftest.c >&5
configure:3882: $? = 0
configure:3895: result: none needed
configure:3920: checking whether gcc understands -c and -o together
configure:3942: gcc -c conftest.c -o conftest2.o
configure:3945: $? = 0
configure:3942: gcc -c conftest.c -o conftest2.o
configure:3945: $? = 0
configure:3957: result: yes
configure:3976: checking dependency style of gcc
configure:4087: result: gcc3
configure:4103: checking for library containing strerror
configure:4134: gcc -o conftest -g -O2   conftest.c  >&5
configure:4134: $? = 0
configure:4151: result: none required
configure:4207: checking for gcc
configure:4234: result: gcc
configure:4463: checking for C compiler version
configure:4472: gcc --version >&5
gcc (Debian 6.3.0-18) 6.3.0 20170516
Copyright (C) 2016 Free Software Foundation, Inc.
This is free software; see the source for copying conditions.  There is NO
warranty; not even for MERCHANTABILITY or FITNESS FOR A PARTICULAR PURPOSE.

configure:4483: $? = 0
configure:4472: gcc -v >&5
Using built-in specs.
COLLECT_GCC=gcc
COLLECT_LTO_WRAPPER=/usr/lib/gcc/x86_64-linux-gnu/6/lto-wrapper
Target: x86_64-linux-gnu
Configured with: ../src/configure -v --with-pkgversion='Debian 6.3.0-18' --with-bugurl=file:///usr/share/doc/gcc-6/README.Bugs --enable-languages=c,ada,c++,java,go,d,fortran,objc,obj-c++ --prefix=/usr --program-suffix=-6 --program-prefix=x86_64-linux-gnu- --enable-shared --enable-linker-build-id --libexecdir=/usr/lib --without-included-gettext --enable-threads=posix --libdir=/usr/lib --enable-nls --with-sysroot=/ --enable-clocale=gnu --enable-libstdcxx-debug --enable-libstdcxx-time=yes --with-default-libstdcxx-abi=new --enable-gnu-unique-object --disable-vtable-verify --enable-libmpx --enable-plugin --enable-default-pie --with-system-zlib --disable-browser-plugin --enable-java-awt=gtk --enable-gtk-cairo --with-java-home=/usr/lib/jvm/java-1.5.0-gcj-6-amd64/jre --enable-java-home --with-jvm-root-dir=/usr/lib/jvm/java-1.5.0-gcj-6-amd64 --with-jvm-jar-dir=/usr/lib/jvm-exports/java-1.5.0-gcj-6-amd64 --with-arch-directory=amd64 --with-ecj-jar=/usr/share/java/eclipse-ecj.jar --with-target-system-zlib --enable-objc-gc=auto --enable-multiarch --with-arch-32=i686 --with-abi=m64 --with-multilib-list=m32,m64,mx32 --enable-multilib --with-tune=generic --enable-checking=release --build=x86_64-linux-gnu --host=x86_64-linux-gnu --target=x86_64-linux-gnu
Thread model: posix
gcc version 6.3.0 20170516 (Debian 6.3.0-18) 
configure:4483: $? = 0
configure:4472: gcc -V >&5
gcc: error: unrecognized command line option '-V'
gcc: fatal error: no input files
compilation terminated.
configure:4483: $? = 1
configure:4472: gcc -qversion >&5
gcc: error: unrecognized command line option '-qversion'; did you mean '--version'?
gcc: fatal error: no input files
compilation terminated.
configure:4483: $? = 1
configure:4487: checking whether we are using the GNU C compiler
configure:4515: result: yes
configure:4524: checking whether gcc accepts -g
configure:4585: result: yes
configure:4602: checking for gcc option to accept ISO C89
configure:4678: result: none needed
configure:4703: checking whether gcc understands -c and -o together
configure:4740: result: yes
configure:4759: checking dependency style of gcc
configure:4870: result: gcc3
configure:4885: checking whether ln -s works
configure:4889: result: yes
configure:4901: checking how to run the C preprocessor
configure:4932: gcc -E  conftest.c
configure:4932: $? = 0
configure:4946: gcc -E  conftest.c
conftest.c:11:28: fatal error: ac_nonexistent.h: No such file or directory
 #include <ac_nonexistent.h>
                            ^
compilation terminated.
configure:4946: $? = 1
configure: failed program was:
| /* confdefs.h */
| #define PACKAGE_NAME "Workspace"
| #define PACKAGE_TARNAME "Workspace"
| #define PACKAGE_VERSION "0.0.8"
| #define PACKAGE_STRING "Workspace 0.0.8"
| #define PACKAGE_BUGREPORT ""
| #define PACKAGE_URL "http://worpskace.juddy.org/"
| #define PACKAGE "Workspace"
| #define VERSION "0.0.8"
| /* end confdefs.h.  */
| #include <ac_nonexistent.h>
configure:4971: result: gcc -E
configure:4991: gcc -E  conftest.c
configure:4991: $? = 0
configure:5005: gcc -E  conftest.c
conftest.c:11:28: fatal error: ac_nonexistent.h: No such file or directory
 #include <ac_nonexistent.h>
                            ^
compilation terminated.
configure:5005: $? = 1
configure: failed program was:
| /* confdefs.h */
| #define PACKAGE_NAME "Workspace"
| #define PACKAGE_TARNAME "Workspace"
| #define PACKAGE_VERSION "0.0.8"
| #define PACKAGE_STRING "Workspace 0.0.8"
| #define PACKAGE_BUGREPORT ""
| #define PACKAGE_URL "http://worpskace.juddy.org/"
| #define PACKAGE "Workspace"
| #define VERSION "0.0.8"
| /* end confdefs.h.  */
| #include <ac_nonexistent.h>
configure:5034: checking for grep that handles long lines and -e
configure:5092: result: /bin/grep
configure:5097: checking for egrep
configure:5159: result: /bin/grep -E
configure:5165: checking whether gcc needs -traditional
configure:5199: result: no
configure:5235: checking build system type
configure:5249: result: x86_64-unknown-linux-gnu
configure:5269: checking host system type
configure:5282: result: x86_64-unknown-linux-gnu
configure:5323: checking how to print strings
configure:5350: result: printf
configure:5371: checking for a sed that does not truncate output
configure:5435: result: /bin/sed
configure:5453: checking for fgrep
configure:5515: result: /bin/grep -F
configure:5550: checking for ld used by gcc
configure:5617: result: /usr/bin/ld
configure:5624: checking if the linker (/usr/bin/ld) is GNU ld
configure:5639: result: yes
configure:5651: checking for BSD- or MS-compatible name lister (nm)
configure:5700: result: /usr/bin/nm -B
configure:5830: checking the name lister (/usr/bin/nm -B) interface
configure:5837: gcc -c -g -O2  conftest.c >&5
configure:5840: /usr/bin/nm -B "conftest.o"
configure:5843: output
0000000000000000 B some_variable
configure:5850: result: BSD nm
configure:5854: checking the maximum length of command line arguments
configure:5985: result: 1572864
configure:6002: checking whether the shell understands some XSI constructs
configure:6012: result: yes
configure:6016: checking whether the shell understands "+="
configure:6022: result: yes
configure:6057: checking how to convert x86_64-unknown-linux-gnu file names to x86_64-unknown-linux-gnu format
configure:6097: result: func_convert_file_noop
configure:6104: checking how to convert x86_64-unknown-linux-gnu file names to toolchain format
configure:6124: result: func_convert_file_noop
configure:6131: checking for /usr/bin/ld option to reload object files
configure:6138: result: -r
configure:6212: checking for objdump
configure:6228: found /usr/bin/objdump
configure:6239: result: objdump
configure:6271: checking how to recognize dependent libraries
configure:6469: result: pass_all
configure:6554: checking for dlltool
configure:6584: result: no
configure:6614: checking how to associate runtime and link libraries
configure:6641: result: printf %s\n
configure:6701: checking for ar
configure:6717: found /usr/bin/ar
configure:6728: result: ar
configure:6765: checking for archiver @FILE support
configure:6782: gcc -c -g -O2  conftest.c >&5
configure:6782: $? = 0
configure:6785: ar cru libconftest.a @conftest.lst >&5
ar: `u' modifier ignored since `D' is the default (see `U')
configure:6788: $? = 0
configure:6793: ar cru libconftest.a @conftest.lst >&5
ar: `u' modifier ignored since `D' is the default (see `U')
ar: conftest.o: No such file or directory
configure:6796: $? = 1
configure:6808: result: @
configure:6866: checking for strip
configure:6882: found /usr/bin/strip
configure:6893: result: strip
configure:6965: checking for ranlib
configure:6981: found /usr/bin/ranlib
configure:6992: result: ranlib
configure:7094: checking command to parse /usr/bin/nm -B output from gcc object
configure:7214: gcc -c -g -O2  conftest.c >&5
configure:7217: $? = 0
configure:7221: /usr/bin/nm -B conftest.o \| sed -n -e 's/^.*[ ]\([ABCDGIRSTW][ABCDGIRSTW]*\)[ ][ ]*\([_A-Za-z][_A-Za-z0-9]*\)$/\1 \2 \2/p' | sed '/ __gnu_lto/d' \> conftest.nm
configure:7224: $? = 0
configure:7290: gcc -o conftest -g -O2   conftest.c conftstm.o >&5
configure:7293: $? = 0
configure:7331: result: ok
configure:7368: checking for sysroot
configure:7398: result: no
configure:7475: gcc -c -g -O2  conftest.c >&5
configure:7478: $? = 0
configure:7661: checking for mt
configure:7677: found /bin/mt
configure:7688: result: mt
configure:7711: checking if mt is a manifest tool
configure:7717: mt '-?'
configure:7725: result: no
configure:8362: checking for ANSI C header files
configure:8382: gcc -c -g -O2  conftest.c >&5
configure:8382: $? = 0
configure:8455: gcc -o conftest -g -O2   conftest.c  >&5
configure:8455: $? = 0
configure:8455: ./conftest
configure:8455: $? = 0
configure:8466: result: yes
configure:8479: checking for sys/types.h
configure:8479: gcc -c -g -O2  conftest.c >&5
configure:8479: $? = 0
configure:8479: result: yes
configure:8479: checking for sys/stat.h
configure:8479: gcc -c -g -O2  conftest.c >&5
configure:8479: $? = 0
configure:8479: result: yes
configure:8479: checking for stdlib.h
configure:8479: gcc -c -g -O2  conftest.c >&5
configure:8479: $? = 0
configure:8479: result: yes
configure:8479: checking for string.h
configure:8479: gcc -c -g -O2  conftest.c >&5
configure:8479: $? = 0
configure:8479: result: yes
configure:8479: checking for memory.h
configure:8479: gcc -c -g -O2  conftest.c >&5
configure:8479: $? = 0
configure:8479: result: yes
configure:8479: checking for strings.h
configure:8479: gcc -c -g -O2  conftest.c >&5
configure:8479: $? = 0
configure:8479: result: yes
configure:8479: checking for inttypes.h
configure:8479: gcc -c -g -O2  conftest.c >&5
configure:8479: $? = 0
configure:8479: result: yes
configure:8479: checking for stdint.h
configure:8479: gcc -c -g -O2  conftest.c >&5
configure:8479: $? = 0
configure:8479: result: yes
configure:8479: checking for unistd.h
configure:8479: gcc -c -g -O2  conftest.c >&5
configure:8479: $? = 0
configure:8479: result: yes
configure:8493: checking for dlfcn.h
configure:8493: gcc -c -g -O2  conftest.c >&5
configure:8493: $? = 0
configure:8493: result: yes
configure:8699: checking for objdir
configure:8714: result: .libs
configure:8985: checking if gcc supports -fno-rtti -fno-exceptions
configure:9003: gcc -c -g -O2  -fno-rtti -fno-exceptions conftest.c >&5
cc1: warning: command line option '-fno-rtti' is valid for C++/ObjC++ but not for C
configure:9007: $? = 0
configure:9020: result: no
configure:9347: checking for gcc option to produce PIC
configure:9354: result: -fPIC -DPIC
configure:9362: checking if gcc PIC flag -fPIC -DPIC works
configure:9380: gcc -c -g -O2  -fPIC -DPIC -DPIC conftest.c >&5
configure:9384: $? = 0
configure:9397: result: yes
configure:9426: checking if gcc static flag -static works
configure:9454: result: yes
configure:9469: checking if gcc supports -c -o file.o
configure:9490: gcc -c -g -O2  -o out/conftest2.o conftest.c >&5
configure:9494: $? = 0
configure:9516: result: yes
configure:9524: checking if gcc supports -c -o file.o
configure:9571: result: yes
configure:9604: checking whether the gcc linker (/usr/bin/ld -m elf_x86_64) supports shared libraries
configure:10761: result: yes
configure:10798: checking whether -lc should be explicitly linked in
configure:10806: gcc -c -g -O2  conftest.c >&5
configure:10809: $? = 0
configure:10824: gcc -shared  -fPIC -DPIC conftest.o  -v -Wl,-soname -Wl,conftest -o conftest 2\>\&1 \| /bin/grep  -lc  \>/dev/null 2\>\&1
configure:10827: $? = 0
configure:10841: result: no
configure:11001: checking dynamic linker characteristics
configure:11501: gcc -o conftest -g -O2   -Wl,-rpath -Wl,/foo conftest.c  >&5
configure:11501: $? = 0
configure:11735: result: GNU/Linux ld.so
configure:11842: checking how to hardcode library paths into programs
configure:11867: result: immediate
configure:12407: checking whether stripping libraries is possible
configure:12412: result: yes
configure:12447: checking if libtool supports shared libraries
configure:12449: result: yes
configure:12452: checking whether to build shared libraries
configure:12473: result: yes
configure:12476: checking whether to build static libraries
configure:12480: result: yes
configure:12538: checking CFLAGS for gcc -Wall
configure:12565: gcc -c -g -O2 -pedantic -Werror  -Wall  conftest.c >&5
configure:12565: $? = 0
configure:12579: result: -Wall
configure:12591: : CFLAGS="$CFLAGS $ax_cv_cflags_gcc_option__Wall"
configure:12594: $? = 0
configure:12601: checking CFLAGS for gcc -Wextra -Wno-sign-compare -Wno-unused-parameter
configure:12628: gcc -c -g -O2 -Wall -pedantic -Werror  -Wextra -Wno-sign-compare -Wno-unused-parameter  conftest.c >&5
configure:12628: $? = 0
configure:12642: result: -Wextra -Wno-sign-compare -Wno-unused-parameter
configure:12654: : CFLAGS="$CFLAGS $ax_cv_cflags_gcc_option__Wextra__Wno_sign_compare__Wno_unused_parameter"
configure:12657: $? = 0
configure:12856: checking CFLAGS for gcc -Wno-deprecated
configure:12883: gcc -c -g -O2 -Wall -Wextra -Wno-sign-compare -Wno-unused-parameter -pedantic -Werror  -Wno-deprecated  conftest.c >&5
configure:12883: $? = 0
configure:12897: result: -Wno-deprecated
configure:12909: : CFLAGS="$CFLAGS $ax_cv_cflags_gcc_option__Wno_deprecated"
configure:12912: $? = 0
configure:12919: checking CFLAGS for gcc -Wno-deprecated-declarations
configure:12946: gcc -c -g -O2 -Wall -Wextra -Wno-sign-compare -Wno-unused-parameter -Wno-deprecated -pedantic -Werror  -Wno-deprecated-declarations  conftest.c >&5
configure:12946: $? = 0
configure:12960: result: -Wno-deprecated-declarations
configure:12972: : CFLAGS="$CFLAGS $ax_cv_cflags_gcc_option__Wno_deprecated_declarations"
configure:12975: $? = 0
configure:13228: checking for working memcmp
configure:13271: gcc -o conftest -g -O2 -Wall -Wextra -Wno-sign-compare -Wno-unused-parameter -Wno-deprecated -Wno-deprecated-declarations  -D_XOPEN_SOURCE=600  conftest.c  >&5
configure:13271: $? = 0
configure:13271: ./conftest
configure:13271: $? = 0
configure:13281: result: yes
configure:13292: checking for vprintf
configure:13292: gcc -o conftest -g -O2 -Wall -Wextra -Wno-sign-compare -Wno-unused-parameter -Wno-deprecated -Wno-deprecated-declarations  -D_XOPEN_SOURCE=600  conftest.c  >&5
conftest.c:46:6: warning: conflicting types for built-in function 'vprintf'
 char vprintf ();
      ^~~~~~~
configure:13292: $? = 0
configure:13292: result: yes
configure:13298: checking for _doprnt
configure:13298: gcc -o conftest -g -O2 -Wall -Wextra -Wno-sign-compare -Wno-unused-parameter -Wno-deprecated -Wno-deprecated-declarations  -D_XOPEN_SOURCE=600  conftest.c  >&5
/tmp/ccyFMlfs.o: In function `main':
/home/wjk/Code/workspace/conftest.c:58: undefined reference to `_doprnt'
collect2: error: ld returned 1 exit status
configure:13298: $? = 1
configure: failed program was:
| /* confdefs.h */
| #define PACKAGE_NAME "Workspace"
| #define PACKAGE_TARNAME "Workspace"
| #define PACKAGE_VERSION "0.0.8"
| #define PACKAGE_STRING "Workspace 0.0.8"
| #define PACKAGE_BUGREPORT ""
| #define PACKAGE_URL "http://worpskace.juddy.org/"
| #define PACKAGE "Workspace"
| #define VERSION "0.0.8"
| #define STDC_HEADERS 1
| #define HAVE_SYS_TYPES_H 1
| #define HAVE_SYS_STAT_H 1
| #define HAVE_STDLIB_H 1
| #define HAVE_STRING_H 1
| #define HAVE_MEMORY_H 1
| #define HAVE_STRINGS_H 1
| #define HAVE_INTTYPES_H 1
| #define HAVE_STDINT_H 1
| #define HAVE_UNISTD_H 1
| #define HAVE_DLFCN_H 1
| #define LT_OBJDIR ".libs/"
| #define HAVE_VPRINTF 1
| /* end confdefs.h.  */
| /* Define _doprnt to an innocuous variant, in case <limits.h> declares _doprnt.
|    For example, HP-UX 11i <limits.h> declares gettimeofday.  */
| #define _doprnt innocuous__doprnt
| 
| /* System header to define __stub macros and hopefully few prototypes,
|     which can conflict with char _doprnt (); below.
|     Prefer <limits.h> to <assert.h> if __STDC__ is defined, since
|     <limits.h> exists even on freestanding compilers.  */
| 
| #ifdef __STDC__
| # include <limits.h>
| #else
| # include <assert.h>
| #endif
| 
| #undef _doprnt
| 
| /* Override any GCC internal prototype to avoid an error.
|    Use char because int might match the return type of a GCC
|    builtin and then its argument prototype would still apply.  */
| #ifdef __cplusplus
| extern "C"
| #endif
| char _doprnt ();
| /* The GNU C library defines this for functions which it implements
|     to always fail with ENOSYS.  Some functions are actually named
|     something starting with __ and the normal name is an alias.  */
| #if defined __stub__doprnt || defined __stub____doprnt
| choke me
| #endif
| 
| int
| main ()
| {
| return _doprnt ();
|   ;
|   return 0;
| }
configure:13298: result: no
configure:13313: checking for gethostname
configure:13313: gcc -o conftest -g -O2 -Wall -Wextra -Wno-sign-compare -Wno-unused-parameter -Wno-deprecated -Wno-deprecated-declarations  -D_XOPEN_SOURCE=600  conftest.c  >&5
configure:13313: $? = 0
configure:13313: result: yes
configure:13313: checking for select
configure:13313: gcc -o conftest -g -O2 -Wall -Wextra -Wno-sign-compare -Wno-unused-parameter -Wno-deprecated -Wno-deprecated-declarations  -D_XOPEN_SOURCE=600  conftest.c  >&5
configure:13313: $? = 0
configure:13313: result: yes
configure:13313: checking for poll
configure:13313: gcc -o conftest -g -O2 -Wall -Wextra -Wno-sign-compare -Wno-unused-parameter -Wno-deprecated -Wno-deprecated-declarations  -D_XOPEN_SOURCE=600  conftest.c  >&5
configure:13313: $? = 0
configure:13313: result: yes
configure:13313: checking for strcasecmp
configure:13313: gcc -o conftest -g -O2 -Wall -Wextra -Wno-sign-compare -Wno-unused-parameter -Wno-deprecated -Wno-deprecated-declarations  -D_XOPEN_SOURCE=600  conftest.c  >&5
conftest.c:50:6: warning: conflicting types for built-in function 'strcasecmp'
 char strcasecmp ();
      ^~~~~~~~~~
configure:13313: $? = 0
configure:13313: result: yes
configure:13313: checking for strncasecmp
configure:13313: gcc -o conftest -g -O2 -Wall -Wextra -Wno-sign-compare -Wno-unused-parameter -Wno-deprecated -Wno-deprecated-declarations  -D_XOPEN_SOURCE=600  conftest.c  >&5
conftest.c:51:6: warning: conflicting types for built-in function 'strncasecmp'
 char strncasecmp ();
      ^~~~~~~~~~~
configure:13313: $? = 0
configure:13313: result: yes
configure:13313: checking for setsid
configure:13313: gcc -o conftest -g -O2 -Wall -Wextra -Wno-sign-compare -Wno-unused-parameter -Wno-deprecated -Wno-deprecated-declarations  -D_XOPEN_SOURCE=600  conftest.c  >&5
configure:13313: $? = 0
configure:13313: result: yes
configure:13313: checking for mallinfo
configure:13313: gcc -o conftest -g -O2 -Wall -Wextra -Wno-sign-compare -Wno-unused-parameter -Wno-deprecated -Wno-deprecated-declarations  -D_XOPEN_SOURCE=600  conftest.c  >&5
configure:13313: $? = 0
configure:13313: result: yes
configure:13313: checking for mkstemp
configure:13313: gcc -o conftest -g -O2 -Wall -Wextra -Wno-sign-compare -Wno-unused-parameter -Wno-deprecated -Wno-deprecated-declarations  -D_XOPEN_SOURCE=600  conftest.c  >&5
configure:13313: $? = 0
configure:13313: result: yes
configure:13313: checking for sysconf
configure:13313: gcc -o conftest -g -O2 -Wall -Wextra -Wno-sign-compare -Wno-unused-parameter -Wno-deprecated -Wno-deprecated-declarations  -D_XOPEN_SOURCE=600  conftest.c  >&5
configure:13313: $? = 0
configure:13313: result: yes
configure:13337: checking for library containing strlcat
configure:13369: gcc -o conftest -g -O2 -Wall -Wextra -Wno-sign-compare -Wno-unused-parameter -Wno-deprecated -Wno-deprecated-declarations  -D_XOPEN_SOURCE=600  conftest.c  >&5
/tmp/ccWnzqEd.o: In function `main':
/home/wjk/Code/workspace/conftest.c:44: undefined reference to `strlcat'
collect2: error: ld returned 1 exit status
configure:13369: $? = 1
configure: failed program was:
| /* confdefs.h */
| #define PACKAGE_NAME "Workspace"
| #define PACKAGE_TARNAME "Workspace"
| #define PACKAGE_VERSION "0.0.8"
| #define PACKAGE_STRING "Workspace 0.0.8"
| #define PACKAGE_BUGREPORT ""
| #define PACKAGE_URL "http://worpskace.juddy.org/"
| #define PACKAGE "Workspace"
| #define VERSION "0.0.8"
| #define STDC_HEADERS 1
| #define HAVE_SYS_TYPES_H 1
| #define HAVE_SYS_STAT_H 1
| #define HAVE_STDLIB_H 1
| #define HAVE_STRING_H 1
| #define HAVE_MEMORY_H 1
| #define HAVE_STRINGS_H 1
| #define HAVE_INTTYPES_H 1
| #define HAVE_STDINT_H 1
| #define HAVE_UNISTD_H 1
| #define HAVE_DLFCN_H 1
| #define LT_OBJDIR ".libs/"
| #define HAVE_VPRINTF 1
| #define HAVE_GETHOSTNAME 1
| #define HAVE_SELECT 1
| #define HAVE_POLL 1
| #define HAVE_STRCASECMP 1
| #define HAVE_STRNCASECMP 1
| #define HAVE_SETSID 1
| #define HAVE_MALLINFO 1
| #define HAVE_MKSTEMP 1
| #define HAVE_SYSCONF 1
| /* end confdefs.h.  */
| 
| /* Override any GCC internal prototype to avoid an error.
|    Use char because int might match the return type of a GCC
|    builtin and then its argument prototype would still apply.  */
| #ifdef __cplusplus
| extern "C"
| #endif
| char strlcat ();
| int
| main ()
| {
| return strlcat ();
|   ;
|   return 0;
| }
configure:13369: gcc -o conftest -g -O2 -Wall -Wextra -Wno-sign-compare -Wno-unused-parameter -Wno-deprecated -Wno-deprecated-declarations  -D_XOPEN_SOURCE=600  conftest.c -lbsd
  >&5
configure:13369: $? = 0
configure:13386: result: -lbsd
configure:13396: checking for library containing strlcpy
configure:13428: gcc -o conftest -g -O2 -Wall -Wextra -Wno-sign-compare -Wno-unused-parameter -Wno-deprecated -Wno-deprecated-declarations  -D_XOPEN_SOURCE=600  conftest.c -lbsd  >&5
configure:13428: $? = 0
configure:13445: result: none required
configure:13462: checking bsd/string.h usability
configure:13462: gcc -c -g -O2 -Wall -Wextra -Wno-sign-compare -Wno-unused-parameter -Wno-deprecated -Wno-deprecated-declarations  -D_XOPEN_SOURCE=600 conftest.c >&5
configure:13462: $? = 0
configure:13462: result: yes
configure:13462: checking bsd/string.h presence
configure:13462: gcc -E  -D_XOPEN_SOURCE=600 conftest.c
configure:13462: $? = 0
configure:13462: result: yes
configure:13462: checking for bsd/string.h
configure:13462: result: yes
configure:13537: checking sys/inotify.h usability
configure:13537: gcc -c -g -O2 -Wall -Wextra -Wno-sign-compare -Wno-unused-parameter -Wno-deprecated -Wno-deprecated-declarations  -D_XOPEN_SOURCE=600 conftest.c >&5
configure:13537: $? = 0
configure:13537: result: yes
configure:13537: checking sys/inotify.h presence
configure:13537: gcc -E  -D_XOPEN_SOURCE=600 conftest.c
configure:13537: $? = 0
configure:13537: result: yes
configure:13537: checking for sys/inotify.h
configure:13537: result: yes
configure:13551: checking for sys/wait.h that is POSIX.1 compatible
configure:13577: gcc -c -g -O2 -Wall -Wextra -Wno-sign-compare -Wno-unused-parameter -Wno-deprecated -Wno-deprecated-declarations  -D_XOPEN_SOURCE=600 conftest.c >&5
configure:13577: $? = 0
configure:13584: result: yes
configure:13592: checking whether time.h and sys/time.h may both be included
configure:13612: gcc -c -g -O2 -Wall -Wextra -Wno-sign-compare -Wno-unused-parameter -Wno-deprecated -Wno-deprecated-declarations  -D_XOPEN_SOURCE=600 conftest.c >&5
configure:13612: $? = 0
configure:13619: result: yes
configure:13631: checking fcntl.h usability
configure:13631: gcc -c -g -O2 -Wall -Wextra -Wno-sign-compare -Wno-unused-parameter -Wno-deprecated -Wno-deprecated-declarations  -D_XOPEN_SOURCE=600 conftest.c >&5
configure:13631: $? = 0
configure:13631: result: yes
configure:13631: checking fcntl.h presence
configure:13631: gcc -E  -D_XOPEN_SOURCE=600 conftest.c
configure:13631: $? = 0
configure:13631: result: yes
configure:13631: checking for fcntl.h
configure:13631: result: yes
configure:13631: checking limits.h usability
configure:13631: gcc -c -g -O2 -Wall -Wextra -Wno-sign-compare -Wno-unused-parameter -Wno-deprecated -Wno-deprecated-declarations  -D_XOPEN_SOURCE=600 conftest.c >&5
configure:13631: $? = 0
configure:13631: result: yes
configure:13631: checking limits.h presence
configure:13631: gcc -E  -D_XOPEN_SOURCE=600 conftest.c
configure:13631: $? = 0
configure:13631: result: yes
configure:13631: checking for limits.h
configure:13631: result: yes
configure:13631: checking sys/ioctl.h usability
configure:13631: gcc -c -g -O2 -Wall -Wextra -Wno-sign-compare -Wno-unused-parameter -Wno-deprecated -Wno-deprecated-declarations  -D_XOPEN_SOURCE=600 conftest.c >&5
configure:13631: $? = 0
configure:13631: result: yes
configure:13631: checking sys/ioctl.h presence
configure:13631: gcc -E  -D_XOPEN_SOURCE=600 conftest.c
configure:13631: $? = 0
configure:13631: result: yes
configure:13631: checking for sys/ioctl.h
configure:13631: result: yes
configure:13631: checking libintl.h usability
configure:13631: gcc -c -g -O2 -Wall -Wextra -Wno-sign-compare -Wno-unused-parameter -Wno-deprecated -Wno-deprecated-declarations  -D_XOPEN_SOURCE=600 conftest.c >&5
configure:13631: $? = 0
configure:13631: result: yes
configure:13631: checking libintl.h presence
configure:13631: gcc -E  -D_XOPEN_SOURCE=600 conftest.c
configure:13631: $? = 0
configure:13631: result: yes
configure:13631: checking for libintl.h
configure:13631: result: yes
configure:13631: checking poll.h usability
configure:13631: gcc -c -g -O2 -Wall -Wextra -Wno-sign-compare -Wno-unused-parameter -Wno-deprecated -Wno-deprecated-declarations  -D_XOPEN_SOURCE=600 conftest.c >&5
configure:13631: $? = 0
configure:13631: result: yes
configure:13631: checking poll.h presence
configure:13631: gcc -E  -D_XOPEN_SOURCE=600 conftest.c
configure:13631: $? = 0
configure:13631: result: yes
configure:13631: checking for poll.h
configure:13631: result: yes
configure:13631: checking malloc.h usability
configure:13631: gcc -c -g -O2 -Wall -Wextra -Wno-sign-compare -Wno-unused-parameter -Wno-deprecated -Wno-deprecated-declarations  -D_XOPEN_SOURCE=600 conftest.c >&5
configure:13631: $? = 0
configure:13631: result: yes
configure:13631: checking malloc.h presence
configure:13631: gcc -E  -D_XOPEN_SOURCE=600 conftest.c
configure:13631: $? = 0
configure:13631: result: yes
configure:13631: checking for malloc.h
configure:13631: result: yes
configure:13631: checking ctype.h usability
configure:13631: gcc -c -g -O2 -Wall -Wextra -Wno-sign-compare -Wno-unused-parameter -Wno-deprecated -Wno-deprecated-declarations  -D_XOPEN_SOURCE=600 conftest.c >&5
configure:13631: $? = 0
configure:13631: result: yes
configure:13631: checking ctype.h presence
configure:13631: gcc -E  -D_XOPEN_SOURCE=600 conftest.c
configure:13631: $? = 0
configure:13631: result: yes
configure:13631: checking for ctype.h
configure:13631: result: yes
configure:13631: checking for string.h
configure:13631: result: yes
configure:13631: checking for strings.h
configure:13631: result: yes
configure:13643: checking whether sys_siglist is declared
configure:13643: gcc -c -g -O2 -Wall -Wextra -Wno-sign-compare -Wno-unused-parameter -Wno-deprecated -Wno-deprecated-declarations  -D_XOPEN_SOURCE=600 conftest.c >&5
conftest.c: In function 'main':
conftest.c:63:10: error: 'sys_siglist' undeclared (first use in this function)
   (void) sys_siglist;
          ^~~~~~~~~~~
conftest.c:63:10: note: each undeclared identifier is reported only once for each function it appears in
configure:13643: $? = 1
configure: failed program was:
| /* confdefs.h */
| #define PACKAGE_NAME "Workspace"
| #define PACKAGE_TARNAME "Workspace"
| #define PACKAGE_VERSION "0.0.8"
| #define PACKAGE_STRING "Workspace 0.0.8"
| #define PACKAGE_BUGREPORT ""
| #define PACKAGE_URL "http://worpskace.juddy.org/"
| #define PACKAGE "Workspace"
| #define VERSION "0.0.8"
| #define STDC_HEADERS 1
| #define HAVE_SYS_TYPES_H 1
| #define HAVE_SYS_STAT_H 1
| #define HAVE_STDLIB_H 1
| #define HAVE_STRING_H 1
| #define HAVE_MEMORY_H 1
| #define HAVE_STRINGS_H 1
| #define HAVE_INTTYPES_H 1
| #define HAVE_STDINT_H 1
| #define HAVE_UNISTD_H 1
| #define HAVE_DLFCN_H 1
| #define LT_OBJDIR ".libs/"
| #define HAVE_VPRINTF 1
| #define HAVE_GETHOSTNAME 1
| #define HAVE_SELECT 1
| #define HAVE_POLL 1
| #define HAVE_STRCASECMP 1
| #define HAVE_STRNCASECMP 1
| #define HAVE_SETSID 1
| #define HAVE_MALLINFO 1
| #define HAVE_MKSTEMP 1
| #define HAVE_SYSCONF 1
| #define HAVE_STRLCAT 1
| #define HAVE_STRLCAT 1
| #define HAVE_BSD_STRING_H 1
| #define HAVE_SYS_INOTIFY_H 1
| #define HAVE_INOTIFY 1
| #define HAVE_SYS_WAIT_H 1
| #define TIME_WITH_SYS_TIME 1
| #define HAVE_FCNTL_H 1
| #define HAVE_LIMITS_H 1
| #define HAVE_SYS_IOCTL_H 1
| #define HAVE_LIBINTL_H 1
| #define HAVE_POLL_H 1
| #define HAVE_MALLOC_H 1
| #define HAVE_CTYPE_H 1
| #define HAVE_STRING_H 1
| #define HAVE_STRINGS_H 1
| /* end confdefs.h.  */
| #include <signal.h>
| /* NetBSD declares sys_siglist in unistd.h.  */
| #ifdef HAVE_UNISTD_H
| # include <unistd.h>
| #endif
| 
| 
| int
| main ()
| {
| #ifndef sys_siglist
| #ifdef __cplusplus
|   (void) sys_siglist;
| #else
|   (void) sys_siglist;
| #endif
| #endif
| 
|   ;
|   return 0;
| }
configure:13643: result: no
configure:13661: checking for an ANSI C-conforming const
configure:13727: gcc -c -g -O2 -Wall -Wextra -Wno-sign-compare -Wno-unused-parameter -Wno-deprecated -Wno-deprecated-declarations  -D_XOPEN_SOURCE=600 conftest.c >&5
configure:13727: $? = 0
configure:13734: result: yes
configure:13742: checking for inline
configure:13758: gcc -c -g -O2 -Wall -Wextra -Wno-sign-compare -Wno-unused-parameter -Wno-deprecated -Wno-deprecated-declarations  -D_XOPEN_SOURCE=600 conftest.c >&5
configure:13758: $? = 0
configure:13766: result: inline
configure:13818: checking for noreturn
configure:13845: gcc -c -g -O2 -Wall -Wextra -Wno-sign-compare -Wno-unused-parameter -Wno-deprecated -Wno-deprecated-declarations  -D_XOPEN_SOURCE=600 conftest.c >&5
configure:13845: $? = 0
configure:13856: result: stdnoreturn
configure:13875: checking for size_t
configure:13875: gcc -c -g -O2 -Wall -Wextra -Wno-sign-compare -Wno-unused-parameter -Wno-deprecated -Wno-deprecated-declarations  -D_XOPEN_SOURCE=600 conftest.c >&5
configure:13875: $? = 0
configure:13875: gcc -c -g -O2 -Wall -Wextra -Wno-sign-compare -Wno-unused-parameter -Wno-deprecated -Wno-deprecated-declarations  -D_XOPEN_SOURCE=600 conftest.c >&5
conftest.c: In function 'main':
conftest.c:87:21: error: expected expression before ')' token
 if (sizeof ((size_t)))
                     ^
configure:13875: $? = 1
configure: failed program was:
| /* confdefs.h */
| #define PACKAGE_NAME "Workspace"
| #define PACKAGE_TARNAME "Workspace"
| #define PACKAGE_VERSION "0.0.8"
| #define PACKAGE_STRING "Workspace 0.0.8"
| #define PACKAGE_BUGREPORT ""
| #define PACKAGE_URL "http://worpskace.juddy.org/"
| #define PACKAGE "Workspace"
| #define VERSION "0.0.8"
| #define STDC_HEADERS 1
| #define HAVE_SYS_TYPES_H 1
| #define HAVE_SYS_STAT_H 1
| #define HAVE_STDLIB_H 1
| #define HAVE_STRING_H 1
| #define HAVE_MEMORY_H 1
| #define HAVE_STRINGS_H 1
| #define HAVE_INTTYPES_H 1
| #define HAVE_STDINT_H 1
| #define HAVE_UNISTD_H 1
| #define HAVE_DLFCN_H 1
| #define LT_OBJDIR ".libs/"
| #define HAVE_VPRINTF 1
| #define HAVE_GETHOSTNAME 1
| #define HAVE_SELECT 1
| #define HAVE_POLL 1
| #define HAVE_STRCASECMP 1
| #define HAVE_STRNCASECMP 1
| #define HAVE_SETSID 1
| #define HAVE_MALLINFO 1
| #define HAVE_MKSTEMP 1
| #define HAVE_SYSCONF 1
| #define HAVE_STRLCAT 1
| #define HAVE_STRLCAT 1
| #define HAVE_BSD_STRING_H 1
| #define HAVE_SYS_INOTIFY_H 1
| #define HAVE_INOTIFY 1
| #define HAVE_SYS_WAIT_H 1
| #define TIME_WITH_SYS_TIME 1
| #define HAVE_FCNTL_H 1
| #define HAVE_LIMITS_H 1
| #define HAVE_SYS_IOCTL_H 1
| #define HAVE_LIBINTL_H 1
| #define HAVE_POLL_H 1
| #define HAVE_MALLOC_H 1
| #define HAVE_CTYPE_H 1
| #define HAVE_STRING_H 1
| #define HAVE_STRINGS_H 1
| #define HAVE_DECL_SYS_SIGLIST 0
| #define HAVE_STDNORETURN 1
| /* end confdefs.h.  */
| #include <stdio.h>
| #ifdef HAVE_SYS_TYPES_H
| # include <sys/types.h>
| #endif
| #ifdef HAVE_SYS_STAT_H
| # include <sys/stat.h>
| #endif
| #ifdef STDC_HEADERS
| # include <stdlib.h>
| # include <stddef.h>
| #else
| # ifdef HAVE_STDLIB_H
| #  include <stdlib.h>
| # endif
| #endif
| #ifdef HAVE_STRING_H
| # if !defined STDC_HEADERS && defined HAVE_MEMORY_H
| #  include <memory.h>
| # endif
| # include <string.h>
| #endif
| #ifdef HAVE_STRINGS_H
| # include <strings.h>
| #endif
| #ifdef HAVE_INTTYPES_H
| # include <inttypes.h>
| #endif
| #ifdef HAVE_STDINT_H
| # include <stdint.h>
| #endif
| #ifdef HAVE_UNISTD_H
| # include <unistd.h>
| #endif
| int
| main ()
| {
| if (sizeof ((size_t)))
| 	    return 0;
|   ;
|   return 0;
| }
configure:13875: result: yes
configure:13886: checking for pid_t
configure:13886: gcc -c -g -O2 -Wall -Wextra -Wno-sign-compare -Wno-unused-parameter -Wno-deprecated -Wno-deprecated-declarations  -D_XOPEN_SOURCE=600 conftest.c >&5
configure:13886: $? = 0
configure:13886: gcc -c -g -O2 -Wall -Wextra -Wno-sign-compare -Wno-unused-parameter -Wno-deprecated -Wno-deprecated-declarations  -D_XOPEN_SOURCE=600 conftest.c >&5
conftest.c: In function 'main':
conftest.c:87:20: error: expected expression before ')' token
 if (sizeof ((pid_t)))
                    ^
configure:13886: $? = 1
configure: failed program was:
| /* confdefs.h */
| #define PACKAGE_NAME "Workspace"
| #define PACKAGE_TARNAME "Workspace"
| #define PACKAGE_VERSION "0.0.8"
| #define PACKAGE_STRING "Workspace 0.0.8"
| #define PACKAGE_BUGREPORT ""
| #define PACKAGE_URL "http://worpskace.juddy.org/"
| #define PACKAGE "Workspace"
| #define VERSION "0.0.8"
| #define STDC_HEADERS 1
| #define HAVE_SYS_TYPES_H 1
| #define HAVE_SYS_STAT_H 1
| #define HAVE_STDLIB_H 1
| #define HAVE_STRING_H 1
| #define HAVE_MEMORY_H 1
| #define HAVE_STRINGS_H 1
| #define HAVE_INTTYPES_H 1
| #define HAVE_STDINT_H 1
| #define HAVE_UNISTD_H 1
| #define HAVE_DLFCN_H 1
| #define LT_OBJDIR ".libs/"
| #define HAVE_VPRINTF 1
| #define HAVE_GETHOSTNAME 1
| #define HAVE_SELECT 1
| #define HAVE_POLL 1
| #define HAVE_STRCASECMP 1
| #define HAVE_STRNCASECMP 1
| #define HAVE_SETSID 1
| #define HAVE_MALLINFO 1
| #define HAVE_MKSTEMP 1
| #define HAVE_SYSCONF 1
| #define HAVE_STRLCAT 1
| #define HAVE_STRLCAT 1
| #define HAVE_BSD_STRING_H 1
| #define HAVE_SYS_INOTIFY_H 1
| #define HAVE_INOTIFY 1
| #define HAVE_SYS_WAIT_H 1
| #define TIME_WITH_SYS_TIME 1
| #define HAVE_FCNTL_H 1
| #define HAVE_LIMITS_H 1
| #define HAVE_SYS_IOCTL_H 1
| #define HAVE_LIBINTL_H 1
| #define HAVE_POLL_H 1
| #define HAVE_MALLOC_H 1
| #define HAVE_CTYPE_H 1
| #define HAVE_STRING_H 1
| #define HAVE_STRINGS_H 1
| #define HAVE_DECL_SYS_SIGLIST 0
| #define HAVE_STDNORETURN 1
| /* end confdefs.h.  */
| #include <stdio.h>
| #ifdef HAVE_SYS_TYPES_H
| # include <sys/types.h>
| #endif
| #ifdef HAVE_SYS_STAT_H
| # include <sys/stat.h>
| #endif
| #ifdef STDC_HEADERS
| # include <stdlib.h>
| # include <stddef.h>
| #else
| # ifdef HAVE_STDLIB_H
| #  include <stdlib.h>
| # endif
| #endif
| #ifdef HAVE_STRING_H
| # if !defined STDC_HEADERS && defined HAVE_MEMORY_H
| #  include <memory.h>
| # endif
| # include <string.h>
| #endif
| #ifdef HAVE_STRINGS_H
| # include <strings.h>
| #endif
| #ifdef HAVE_INTTYPES_H
| # include <inttypes.h>
| #endif
| #ifdef HAVE_STDINT_H
| # include <stdint.h>
| #endif
| #ifdef HAVE_UNISTD_H
| # include <unistd.h>
| #endif
| int
| main ()
| {
| if (sizeof ((pid_t)))
| 	    return 0;
|   ;
|   return 0;
| }
configure:13886: result: yes
configure:13897: checking return type of signal handlers
configure:13915: gcc -c -g -O2 -Wall -Wextra -Wno-sign-compare -Wno-unused-parameter -Wno-deprecated -Wno-deprecated-declarations  -D_XOPEN_SOURCE=600 conftest.c >&5
conftest.c: In function 'main':
conftest.c:57:10: error: void value not ignored as it ought to be
 return *(signal (0, 0)) (0) == 1;
         ~^~~~~~~~~~~~~~~~~~
configure:13915: $? = 1
configure: failed program was:
| /* confdefs.h */
| #define PACKAGE_NAME "Workspace"
| #define PACKAGE_TARNAME "Workspace"
| #define PACKAGE_VERSION "0.0.8"
| #define PACKAGE_STRING "Workspace 0.0.8"
| #define PACKAGE_BUGREPORT ""
| #define PACKAGE_URL "http://worpskace.juddy.org/"
| #define PACKAGE "Workspace"
| #define VERSION "0.0.8"
| #define STDC_HEADERS 1
| #define HAVE_SYS_TYPES_H 1
| #define HAVE_SYS_STAT_H 1
| #define HAVE_STDLIB_H 1
| #define HAVE_STRING_H 1
| #define HAVE_MEMORY_H 1
| #define HAVE_STRINGS_H 1
| #define HAVE_INTTYPES_H 1
| #define HAVE_STDINT_H 1
| #define HAVE_UNISTD_H 1
| #define HAVE_DLFCN_H 1
| #define LT_OBJDIR ".libs/"
| #define HAVE_VPRINTF 1
| #define HAVE_GETHOSTNAME 1
| #define HAVE_SELECT 1
| #define HAVE_POLL 1
| #define HAVE_STRCASECMP 1
| #define HAVE_STRNCASECMP 1
| #define HAVE_SETSID 1
| #define HAVE_MALLINFO 1
| #define HAVE_MKSTEMP 1
| #define HAVE_SYSCONF 1
| #define HAVE_STRLCAT 1
| #define HAVE_STRLCAT 1
| #define HAVE_BSD_STRING_H 1
| #define HAVE_SYS_INOTIFY_H 1
| #define HAVE_INOTIFY 1
| #define HAVE_SYS_WAIT_H 1
| #define TIME_WITH_SYS_TIME 1
| #define HAVE_FCNTL_H 1
| #define HAVE_LIMITS_H 1
| #define HAVE_SYS_IOCTL_H 1
| #define HAVE_LIBINTL_H 1
| #define HAVE_POLL_H 1
| #define HAVE_MALLOC_H 1
| #define HAVE_CTYPE_H 1
| #define HAVE_STRING_H 1
| #define HAVE_STRINGS_H 1
| #define HAVE_DECL_SYS_SIGLIST 0
| #define HAVE_STDNORETURN 1
| /* end confdefs.h.  */
| #include <sys/types.h>
| #include <signal.h>
| 
| int
| main ()
| {
| return *(signal (0, 0)) (0) == 1;
|   ;
|   return 0;
| }
configure:13922: result: void
configure:13934: checking for pkg-config
configure:13950: found /usr/bin/pkg-config
configure:13961: result: pkg-config
configure:13974: checking for gettext
configure:13974: gcc -o conftest -g -O2 -Wall -Wextra -Wno-sign-compare -Wno-unused-parameter -Wno-deprecated -Wno-deprecated-declarations  -D_XOPEN_SOURCE=600  conftest.c  >&5
conftest.c:75:6: warning: conflicting types for built-in function 'gettext'
 char gettext ();
      ^~~~~~~
configure:13974: $? = 0
configure:13974: result: yes
configure:14025: checking for xgettext
configure:14041: found /usr/bin/xgettext
configure:14052: result: xgettext
configure:14176: checking for X
configure:14284: gcc -E  -D_XOPEN_SOURCE=600 conftest.c
configure:14284: $? = 0
configure:14315: gcc -o conftest -g -O2 -Wall -Wextra -Wno-sign-compare -Wno-unused-parameter -Wno-deprecated -Wno-deprecated-declarations  -D_XOPEN_SOURCE=600  conftest.c -lX11  >&5
configure:14315: $? = 0
configure:14365: result: libraries , headers 
configure:14464: gcc -o conftest -g -O2 -Wall -Wextra -Wno-sign-compare -Wno-unused-parameter -Wno-deprecated -Wno-deprecated-declarations  -D_XOPEN_SOURCE=600  conftest.c   -lX11 >&5
configure:14464: $? = 0
configure:14562: checking for gethostbyname
configure:14562: gcc -o conftest -g -O2 -Wall -Wextra -Wno-sign-compare -Wno-unused-parameter -Wno-deprecated -Wno-deprecated-declarations  -D_XOPEN_SOURCE=600  conftest.c  >&5
configure:14562: $? = 0
configure:14562: result: yes
configure:14659: checking for connect
configure:14659: gcc -o conftest -g -O2 -Wall -Wextra -Wno-sign-compare -Wno-unused-parameter -Wno-deprecated -Wno-deprecated-declarations  -D_XOPEN_SOURCE=600  conftest.c  >&5
configure:14659: $? = 0
configure:14659: result: yes
configure:14708: checking for remove
configure:14708: gcc -o conftest -g -O2 -Wall -Wextra -Wno-sign-compare -Wno-unused-parameter -Wno-deprecated -Wno-deprecated-declarations  -D_XOPEN_SOURCE=600  conftest.c  >&5
configure:14708: $? = 0
configure:14708: result: yes
configure:14757: checking for shmat
configure:14757: gcc -o conftest -g -O2 -Wall -Wextra -Wno-sign-compare -Wno-unused-parameter -Wno-deprecated -Wno-deprecated-declarations  -D_XOPEN_SOURCE=600  conftest.c  >&5
configure:14757: $? = 0
configure:14757: result: yes
configure:14815: checking for IceConnectionNumber in -lICE
configure:14840: gcc -o conftest -g -O2 -Wall -Wextra -Wno-sign-compare -Wno-unused-parameter -Wno-deprecated -Wno-deprecated-declarations  -D_XOPEN_SOURCE=600  conftest.c -lICE   >&5
configure:14840: $? = 0
configure:14849: result: yes
configure:14886: checking for _Xsetlocale in -lX11
configure:14911: gcc -o conftest -g -O2 -Wall -Wextra -Wno-sign-compare -Wno-unused-parameter -Wno-deprecated -Wno-deprecated-declarations  -D_XOPEN_SOURCE=600  conftest.c -lX11  -lX11   >&5
/tmp/ccttYd3S.o: In function `main':
/home/wjk/Code/workspace/conftest.c:63: undefined reference to `_Xsetlocale'
collect2: error: ld returned 1 exit status
configure:14911: $? = 1
configure: failed program was:
| /* confdefs.h */
| #define PACKAGE_NAME "Workspace"
| #define PACKAGE_TARNAME "Workspace"
| #define PACKAGE_VERSION "0.0.8"
| #define PACKAGE_STRING "Workspace 0.0.8"
| #define PACKAGE_BUGREPORT ""
| #define PACKAGE_URL "http://worpskace.juddy.org/"
| #define PACKAGE "Workspace"
| #define VERSION "0.0.8"
| #define STDC_HEADERS 1
| #define HAVE_SYS_TYPES_H 1
| #define HAVE_SYS_STAT_H 1
| #define HAVE_STDLIB_H 1
| #define HAVE_STRING_H 1
| #define HAVE_MEMORY_H 1
| #define HAVE_STRINGS_H 1
| #define HAVE_INTTYPES_H 1
| #define HAVE_STDINT_H 1
| #define HAVE_UNISTD_H 1
| #define HAVE_DLFCN_H 1
| #define LT_OBJDIR ".libs/"
| #define HAVE_VPRINTF 1
| #define HAVE_GETHOSTNAME 1
| #define HAVE_SELECT 1
| #define HAVE_POLL 1
| #define HAVE_STRCASECMP 1
| #define HAVE_STRNCASECMP 1
| #define HAVE_SETSID 1
| #define HAVE_MALLINFO 1
| #define HAVE_MKSTEMP 1
| #define HAVE_SYSCONF 1
| #define HAVE_STRLCAT 1
| #define HAVE_STRLCAT 1
| #define HAVE_BSD_STRING_H 1
| #define HAVE_SYS_INOTIFY_H 1
| #define HAVE_INOTIFY 1
| #define HAVE_SYS_WAIT_H 1
| #define TIME_WITH_SYS_TIME 1
| #define HAVE_FCNTL_H 1
| #define HAVE_LIMITS_H 1
| #define HAVE_SYS_IOCTL_H 1
| #define HAVE_LIBINTL_H 1
| #define HAVE_POLL_H 1
| #define HAVE_MALLOC_H 1
| #define HAVE_CTYPE_H 1
| #define HAVE_STRING_H 1
| #define HAVE_STRINGS_H 1
| #define HAVE_DECL_SYS_SIGLIST 0
| #define HAVE_STDNORETURN 1
| #define RETSIGTYPE void
| /* end confdefs.h.  */
| 
| /* Override any GCC internal prototype to avoid an error.
|    Use char because int might match the return type of a GCC
|    builtin and then its argument prototype would still apply.  */
| #ifdef __cplusplus
| extern "C"
| #endif
| char _Xsetlocale ();
| int
| main ()
| {
| return _Xsetlocale ();
|   ;
|   return 0;
| }
configure:14920: result: no
configure:14930: checking for XInternAtoms in -lX11
configure:14955: gcc -o conftest -g -O2 -Wall -Wextra -Wno-sign-compare -Wno-unused-parameter -Wno-deprecated -Wno-deprecated-declarations  -D_XOPEN_SOURCE=600  conftest.c -lX11  -lX11   >&5
configure:14955: $? = 0
configure:14964: result: yes
configure:14973: checking for XConvertCase in -lX11
configure:14998: gcc -o conftest -g -O2 -Wall -Wextra -Wno-sign-compare -Wno-unused-parameter -Wno-deprecated -Wno-deprecated-declarations  -D_XOPEN_SOURCE=600  conftest.c -lX11  -lX11   >&5
configure:14998: $? = 0
configure:15007: result: yes
configure:15035: checking for XShapeSelectInput in -lXext
configure:15060: gcc -o conftest -g -O2 -Wall -Wextra -Wno-sign-compare -Wno-unused-parameter -Wno-deprecated -Wno-deprecated-declarations  -D_XOPEN_SOURCE=600  conftest.c -lXext  -lX11   >&5
configure:15060: $? = 0
configure:15069: result: yes
configure:15144: checking math.h usability
configure:15144: gcc -c -g -O2 -Wall -Wextra -Wno-sign-compare -Wno-unused-parameter -Wno-deprecated -Wno-deprecated-declarations  -D_XOPEN_SOURCE=600 conftest.c >&5
configure:15144: $? = 0
configure:15144: result: yes
configure:15144: checking math.h presence
configure:15144: gcc -E  -D_XOPEN_SOURCE=600 conftest.c
configure:15144: $? = 0
configure:15144: result: yes
configure:15144: checking for math.h
configure:15144: result: yes
configure:15152: checking for atan
configure:15152: gcc -o conftest -g -O2 -Wall -Wextra -Wno-sign-compare -Wno-unused-parameter -Wno-deprecated -Wno-deprecated-declarations  -D_XOPEN_SOURCE=600  conftest.c  >&5
conftest.c:78:6: warning: conflicting types for built-in function 'atan'
 char atan ();
      ^~~~
/tmp/ccLes8Le.o: In function `main':
/home/wjk/Code/workspace/conftest.c:89: undefined reference to `atan'
collect2: error: ld returned 1 exit status
configure:15152: $? = 1
configure: failed program was:
| /* confdefs.h */
| #define PACKAGE_NAME "Workspace"
| #define PACKAGE_TARNAME "Workspace"
| #define PACKAGE_VERSION "0.0.8"
| #define PACKAGE_STRING "Workspace 0.0.8"
| #define PACKAGE_BUGREPORT ""
| #define PACKAGE_URL "http://worpskace.juddy.org/"
| #define PACKAGE "Workspace"
| #define VERSION "0.0.8"
| #define STDC_HEADERS 1
| #define HAVE_SYS_TYPES_H 1
| #define HAVE_SYS_STAT_H 1
| #define HAVE_STDLIB_H 1
| #define HAVE_STRING_H 1
| #define HAVE_MEMORY_H 1
| #define HAVE_STRINGS_H 1
| #define HAVE_INTTYPES_H 1
| #define HAVE_STDINT_H 1
| #define HAVE_UNISTD_H 1
| #define HAVE_DLFCN_H 1
| #define LT_OBJDIR ".libs/"
| #define HAVE_VPRINTF 1
| #define HAVE_GETHOSTNAME 1
| #define HAVE_SELECT 1
| #define HAVE_POLL 1
| #define HAVE_STRCASECMP 1
| #define HAVE_STRNCASECMP 1
| #define HAVE_SETSID 1
| #define HAVE_MALLINFO 1
| #define HAVE_MKSTEMP 1
| #define HAVE_SYSCONF 1
| #define HAVE_STRLCAT 1
| #define HAVE_STRLCAT 1
| #define HAVE_BSD_STRING_H 1
| #define HAVE_SYS_INOTIFY_H 1
| #define HAVE_INOTIFY 1
| #define HAVE_SYS_WAIT_H 1
| #define TIME_WITH_SYS_TIME 1
| #define HAVE_FCNTL_H 1
| #define HAVE_LIMITS_H 1
| #define HAVE_SYS_IOCTL_H 1
| #define HAVE_LIBINTL_H 1
| #define HAVE_POLL_H 1
| #define HAVE_MALLOC_H 1
| #define HAVE_CTYPE_H 1
| #define HAVE_STRING_H 1
| #define HAVE_STRINGS_H 1
| #define HAVE_DECL_SYS_SIGLIST 0
| #define HAVE_STDNORETURN 1
| #define RETSIGTYPE void
| #define HAVE_XINTERNATOMS 1
| #define HAVE_XCONVERTCASE 1
| #define SHAPE 1
| /* end confdefs.h.  */
| /* Define atan to an innocuous variant, in case <limits.h> declares atan.
|    For example, HP-UX 11i <limits.h> declares gettimeofday.  */
| #define atan innocuous_atan
| 
| /* System header to define __stub macros and hopefully few prototypes,
|     which can conflict with char atan (); below.
|     Prefer <limits.h> to <assert.h> if __STDC__ is defined, since
|     <limits.h> exists even on freestanding compilers.  */
| 
| #ifdef __STDC__
| # include <limits.h>
| #else
| # include <assert.h>
| #endif
| 
| #undef atan
| 
| /* Override any GCC internal prototype to avoid an error.
|    Use char because int might match the return type of a GCC
|    builtin and then its argument prototype would still apply.  */
| #ifdef __cplusplus
| extern "C"
| #endif
| char atan ();
| /* The GNU C library defines this for functions which it implements
|     to always fail with ENOSYS.  Some functions are actually named
|     something starting with __ and the normal name is an alias.  */
| #if defined __stub_atan || defined __stub___atan
| choke me
| #endif
| 
| int
| main ()
| {
| return atan ();
|   ;
|   return 0;
| }
configure:15152: result: no
configure:15156: checking for atan in -lm
configure:15181: gcc -o conftest -g -O2 -Wall -Wextra -Wno-sign-compare -Wno-unused-parameter -Wno-deprecated -Wno-deprecated-declarations  -D_XOPEN_SOURCE=600  conftest.c -lm   >&5
conftest.c:62:6: warning: conflicting types for built-in function 'atan'
 char atan ();
      ^~~~
configure:15181: $? = 0
configure:15190: result: yes
configure:15203: checking for fontconfig library
configure:15210: result: found
configure:15263: checking for the Xft2 library
configure:15269: result: found
configure:15291: checking whether libXft is at least version 2.1.0
configure:15314: gcc -o conftest -g -O2 -Wall -Wextra -Wno-sign-compare -Wno-unused-parameter -Wno-deprecated -Wno-deprecated-declarations  -D_XOPEN_SOURCE=600 -I/usr/include/freetype2 -I${includedir}   conftest.c  >&5
configure:15314: $? = 0
configure:15324: result: yes
configure:15476: checking for XShmAttach in -lXext
configure:15501: gcc -o conftest -g -O2 -Wall -Wextra -Wno-sign-compare -Wno-unused-parameter -Wno-deprecated -Wno-deprecated-declarations  -D_XOPEN_SOURCE=600  conftest.c -lXext  -lXext -lX11   >&5
configure:15501: $? = 0
configure:15510: result: yes
configure:15520: checking for shmget
configure:15520: gcc -o conftest -g -O2 -Wall -Wextra -Wno-sign-compare -Wno-unused-parameter -Wno-deprecated -Wno-deprecated-declarations  -D_XOPEN_SOURCE=600  conftest.c  >&5
configure:15520: $? = 0
configure:15520: result: yes
configure:15562: checking for XpmCreatePixmapFromData in -lXpm
configure:15587: gcc -o conftest -g -O2 -Wall -Wextra -Wno-sign-compare -Wno-unused-parameter -Wno-deprecated -Wno-deprecated-declarations  -D_XOPEN_SOURCE=600  -L${libdir}  conftest.c -lXpm  -lXext -lXext -lX11   >&5
/usr/bin/ld: cannot find -lXpm
collect2: error: ld returned 1 exit status
configure:15587: $? = 1
configure: failed program was:
| /* confdefs.h */
| #define PACKAGE_NAME "Workspace"
| #define PACKAGE_TARNAME "Workspace"
| #define PACKAGE_VERSION "0.0.8"
| #define PACKAGE_STRING "Workspace 0.0.8"
| #define PACKAGE_BUGREPORT ""
| #define PACKAGE_URL "http://worpskace.juddy.org/"
| #define PACKAGE "Workspace"
| #define VERSION "0.0.8"
| #define STDC_HEADERS 1
| #define HAVE_SYS_TYPES_H 1
| #define HAVE_SYS_STAT_H 1
| #define HAVE_STDLIB_H 1
| #define HAVE_STRING_H 1
| #define HAVE_MEMORY_H 1
| #define HAVE_STRINGS_H 1
| #define HAVE_INTTYPES_H 1
| #define HAVE_STDINT_H 1
| #define HAVE_UNISTD_H 1
| #define HAVE_DLFCN_H 1
| #define LT_OBJDIR ".libs/"
| #define HAVE_VPRINTF 1
| #define HAVE_GETHOSTNAME 1
| #define HAVE_SELECT 1
| #define HAVE_POLL 1
| #define HAVE_STRCASECMP 1
| #define HAVE_STRNCASECMP 1
| #define HAVE_SETSID 1
| #define HAVE_MALLINFO 1
| #define HAVE_MKSTEMP 1
| #define HAVE_SYSCONF 1
| #define HAVE_STRLCAT 1
| #define HAVE_STRLCAT 1
| #define HAVE_BSD_STRING_H 1
| #define HAVE_SYS_INOTIFY_H 1
| #define HAVE_INOTIFY 1
| #define HAVE_SYS_WAIT_H 1
| #define TIME_WITH_SYS_TIME 1
| #define HAVE_FCNTL_H 1
| #define HAVE_LIMITS_H 1
| #define HAVE_SYS_IOCTL_H 1
| #define HAVE_LIBINTL_H 1
| #define HAVE_POLL_H 1
| #define HAVE_MALLOC_H 1
| #define HAVE_CTYPE_H 1
| #define HAVE_STRING_H 1
| #define HAVE_STRINGS_H 1
| #define HAVE_DECL_SYS_SIGLIST 0
| #define HAVE_STDNORETURN 1
| #define RETSIGTYPE void
| #define HAVE_XINTERNATOMS 1
| #define HAVE_XCONVERTCASE 1
| #define SHAPE 1
| #define XSHM 1
| /* end confdefs.h.  */
| 
| /* Override any GCC internal prototype to avoid an error.
|    Use char because int might match the return type of a GCC
|    builtin and then its argument prototype would still apply.  */
| #ifdef __cplusplus
| extern "C"
| #endif
| char XpmCreatePixmapFromData ();
| int
| main ()
| {
| return XpmCreatePixmapFromData ();
|   ;
|   return 0;
| }
configure:15596: result: no
configure:15653: checking for png_get_valid in -lpng
configure:15678: gcc -o conftest -g -O2 -Wall -Wextra -Wno-sign-compare -Wno-unused-parameter -Wno-deprecated -Wno-deprecated-declarations  -D_XOPEN_SOURCE=600  -L${libdir}  conftest.c -lpng -lm  >&5
configure:15678: $? = 0
configure:15687: result: yes
configure:15758: checking png.h usability
configure:15758: gcc -c -g -O2 -Wall -Wextra -Wno-sign-compare -Wno-unused-parameter -Wno-deprecated -Wno-deprecated-declarations  -D_XOPEN_SOURCE=600 -I${includedir}  conftest.c >&5
configure:15758: $? = 0
configure:15758: result: yes
configure:15758: checking png.h presence
configure:15758: gcc -E  -D_XOPEN_SOURCE=600 -I${includedir}  conftest.c
configure:15758: $? = 0
configure:15758: result: yes
configure:15758: checking for png.h
configure:15758: result: yes
configure:15791: checking for jpeg_destroy_compress in -ljpeg
configure:15816: gcc -o conftest -g -O2 -Wall -Wextra -Wno-sign-compare -Wno-unused-parameter -Wno-deprecated -Wno-deprecated-declarations  -D_XOPEN_SOURCE=600  -L${libdir}  conftest.c -ljpeg   >&5
configure:15816: $? = 0
configure:15825: result: yes
configure:15843: checking jpeglib.h usability
configure:15843: gcc -c -g -O2 -Wall -Wextra -Wno-sign-compare -Wno-unused-parameter -Wno-deprecated -Wno-deprecated-declarations  -D_XOPEN_SOURCE=600 -I${includedir}  conftest.c >&5
configure:15843: $? = 0
configure:15843: result: yes
configure:15843: checking jpeglib.h presence
configure:15843: gcc -E  -D_XOPEN_SOURCE=600 -I${includedir}  conftest.c
configure:15843: $? = 0
configure:15843: result: yes
configure:15843: checking for jpeglib.h
configure:15843: result: yes
configure:15876: checking for DGifOpenFileName in -lungif
configure:15901: gcc -o conftest -g -O2 -Wall -Wextra -Wno-sign-compare -Wno-unused-parameter -Wno-deprecated -Wno-deprecated-declarations  -D_XOPEN_SOURCE=600  -L${libdir}  conftest.c -lungif  -lXext -lXext -lX11   >&5
/usr/bin/ld: cannot find -lungif
collect2: error: ld returned 1 exit status
configure:15901: $? = 1
configure: failed program was:
| /* confdefs.h */
| #define PACKAGE_NAME "Workspace"
| #define PACKAGE_TARNAME "Workspace"
| #define PACKAGE_VERSION "0.0.8"
| #define PACKAGE_STRING "Workspace 0.0.8"
| #define PACKAGE_BUGREPORT ""
| #define PACKAGE_URL "http://worpskace.juddy.org/"
| #define PACKAGE "Workspace"
| #define VERSION "0.0.8"
| #define STDC_HEADERS 1
| #define HAVE_SYS_TYPES_H 1
| #define HAVE_SYS_STAT_H 1
| #define HAVE_STDLIB_H 1
| #define HAVE_STRING_H 1
| #define HAVE_MEMORY_H 1
| #define HAVE_STRINGS_H 1
| #define HAVE_INTTYPES_H 1
| #define HAVE_STDINT_H 1
| #define HAVE_UNISTD_H 1
| #define HAVE_DLFCN_H 1
| #define LT_OBJDIR ".libs/"
| #define HAVE_VPRINTF 1
| #define HAVE_GETHOSTNAME 1
| #define HAVE_SELECT 1
| #define HAVE_POLL 1
| #define HAVE_STRCASECMP 1
| #define HAVE_STRNCASECMP 1
| #define HAVE_SETSID 1
| #define HAVE_MALLINFO 1
| #define HAVE_MKSTEMP 1
| #define HAVE_SYSCONF 1
| #define HAVE_STRLCAT 1
| #define HAVE_STRLCAT 1
| #define HAVE_BSD_STRING_H 1
| #define HAVE_SYS_INOTIFY_H 1
| #define HAVE_INOTIFY 1
| #define HAVE_SYS_WAIT_H 1
| #define TIME_WITH_SYS_TIME 1
| #define HAVE_FCNTL_H 1
| #define HAVE_LIMITS_H 1
| #define HAVE_SYS_IOCTL_H 1
| #define HAVE_LIBINTL_H 1
| #define HAVE_POLL_H 1
| #define HAVE_MALLOC_H 1
| #define HAVE_CTYPE_H 1
| #define HAVE_STRING_H 1
| #define HAVE_STRINGS_H 1
| #define HAVE_DECL_SYS_SIGLIST 0
| #define HAVE_STDNORETURN 1
| #define RETSIGTYPE void
| #define HAVE_XINTERNATOMS 1
| #define HAVE_XCONVERTCASE 1
| #define SHAPE 1
| #define XSHM 1
| #define USE_PNG 1
| #define USE_JPEG 1
| /* end confdefs.h.  */
| 
| /* Override any GCC internal prototype to avoid an error.
|    Use char because int might match the return type of a GCC
|    builtin and then its argument prototype would still apply.  */
| #ifdef __cplusplus
| extern "C"
| #endif
| char DGifOpenFileName ();
| int
| main ()
| {
| return DGifOpenFileName ();
|   ;
|   return 0;
| }
configure:15910: result: no
configure:15927: checking for DGifOpenFileName in -lgif
configure:15952: gcc -o conftest -g -O2 -Wall -Wextra -Wno-sign-compare -Wno-unused-parameter -Wno-deprecated -Wno-deprecated-declarations  -D_XOPEN_SOURCE=600  -L${libdir}  conftest.c -lgif  -lXext -lXext -lX11   >&5
/usr/bin/ld: cannot find -lgif
collect2: error: ld returned 1 exit status
configure:15952: $? = 1
configure: failed program was:
| /* confdefs.h */
| #define PACKAGE_NAME "Workspace"
| #define PACKAGE_TARNAME "Workspace"
| #define PACKAGE_VERSION "0.0.8"
| #define PACKAGE_STRING "Workspace 0.0.8"
| #define PACKAGE_BUGREPORT ""
| #define PACKAGE_URL "http://worpskace.juddy.org/"
| #define PACKAGE "Workspace"
| #define VERSION "0.0.8"
| #define STDC_HEADERS 1
| #define HAVE_SYS_TYPES_H 1
| #define HAVE_SYS_STAT_H 1
| #define HAVE_STDLIB_H 1
| #define HAVE_STRING_H 1
| #define HAVE_MEMORY_H 1
| #define HAVE_STRINGS_H 1
| #define HAVE_INTTYPES_H 1
| #define HAVE_STDINT_H 1
| #define HAVE_UNISTD_H 1
| #define HAVE_DLFCN_H 1
| #define LT_OBJDIR ".libs/"
| #define HAVE_VPRINTF 1
| #define HAVE_GETHOSTNAME 1
| #define HAVE_SELECT 1
| #define HAVE_POLL 1
| #define HAVE_STRCASECMP 1
| #define HAVE_STRNCASECMP 1
| #define HAVE_SETSID 1
| #define HAVE_MALLINFO 1
| #define HAVE_MKSTEMP 1
| #define HAVE_SYSCONF 1
| #define HAVE_STRLCAT 1
| #define HAVE_STRLCAT 1
| #define HAVE_BSD_STRING_H 1
| #define HAVE_SYS_INOTIFY_H 1
| #define HAVE_INOTIFY 1
| #define HAVE_SYS_WAIT_H 1
| #define TIME_WITH_SYS_TIME 1
| #define HAVE_FCNTL_H 1
| #define HAVE_LIMITS_H 1
| #define HAVE_SYS_IOCTL_H 1
| #define HAVE_LIBINTL_H 1
| #define HAVE_POLL_H 1
| #define HAVE_MALLOC_H 1
| #define HAVE_CTYPE_H 1
| #define HAVE_STRING_H 1
| #define HAVE_STRINGS_H 1
| #define HAVE_DECL_SYS_SIGLIST 0
| #define HAVE_STDNORETURN 1
| #define RETSIGTYPE void
| #define HAVE_XINTERNATOMS 1
| #define HAVE_XCONVERTCASE 1
| #define SHAPE 1
| #define XSHM 1
| #define USE_PNG 1
| #define USE_JPEG 1
| /* end confdefs.h.  */
| 
| /* Override any GCC internal prototype to avoid an error.
|    Use char because int might match the return type of a GCC
|    builtin and then its argument prototype would still apply.  */
| #ifdef __cplusplus
| extern "C"
| #endif
| char DGifOpenFileName ();
| int
| main ()
| {
| return DGifOpenFileName ();
|   ;
|   return 0;
| }
configure:15961: result: no
configure:15980: checking gif_lib.h usability
configure:15980: gcc -c -g -O2 -Wall -Wextra -Wno-sign-compare -Wno-unused-parameter -Wno-deprecated -Wno-deprecated-declarations  -D_XOPEN_SOURCE=600 -I${includedir}  conftest.c >&5
conftest.c:91:21: fatal error: gif_lib.h: No such file or directory
 #include <gif_lib.h>
                     ^
compilation terminated.
configure:15980: $? = 1
configure: failed program was:
| /* confdefs.h */
| #define PACKAGE_NAME "Workspace"
| #define PACKAGE_TARNAME "Workspace"
| #define PACKAGE_VERSION "0.0.8"
| #define PACKAGE_STRING "Workspace 0.0.8"
| #define PACKAGE_BUGREPORT ""
| #define PACKAGE_URL "http://worpskace.juddy.org/"
| #define PACKAGE "Workspace"
| #define VERSION "0.0.8"
| #define STDC_HEADERS 1
| #define HAVE_SYS_TYPES_H 1
| #define HAVE_SYS_STAT_H 1
| #define HAVE_STDLIB_H 1
| #define HAVE_STRING_H 1
| #define HAVE_MEMORY_H 1
| #define HAVE_STRINGS_H 1
| #define HAVE_INTTYPES_H 1
| #define HAVE_STDINT_H 1
| #define HAVE_UNISTD_H 1
| #define HAVE_DLFCN_H 1
| #define LT_OBJDIR ".libs/"
| #define HAVE_VPRINTF 1
| #define HAVE_GETHOSTNAME 1
| #define HAVE_SELECT 1
| #define HAVE_POLL 1
| #define HAVE_STRCASECMP 1
| #define HAVE_STRNCASECMP 1
| #define HAVE_SETSID 1
| #define HAVE_MALLINFO 1
| #define HAVE_MKSTEMP 1
| #define HAVE_SYSCONF 1
| #define HAVE_STRLCAT 1
| #define HAVE_STRLCAT 1
| #define HAVE_BSD_STRING_H 1
| #define HAVE_SYS_INOTIFY_H 1
| #define HAVE_INOTIFY 1
| #define HAVE_SYS_WAIT_H 1
| #define TIME_WITH_SYS_TIME 1
| #define HAVE_FCNTL_H 1
| #define HAVE_LIMITS_H 1
| #define HAVE_SYS_IOCTL_H 1
| #define HAVE_LIBINTL_H 1
| #define HAVE_POLL_H 1
| #define HAVE_MALLOC_H 1
| #define HAVE_CTYPE_H 1
| #define HAVE_STRING_H 1
| #define HAVE_STRINGS_H 1
| #define HAVE_DECL_SYS_SIGLIST 0
| #define HAVE_STDNORETURN 1
| #define RETSIGTYPE void
| #define HAVE_XINTERNATOMS 1
| #define HAVE_XCONVERTCASE 1
| #define SHAPE 1
| #define XSHM 1
| #define USE_PNG 1
| #define USE_JPEG 1
| /* end confdefs.h.  */
| #include <stdio.h>
| #ifdef HAVE_SYS_TYPES_H
| # include <sys/types.h>
| #endif
| #ifdef HAVE_SYS_STAT_H
| # include <sys/stat.h>
| #endif
| #ifdef STDC_HEADERS
| # include <stdlib.h>
| # include <stddef.h>
| #else
| # ifdef HAVE_STDLIB_H
| #  include <stdlib.h>
| # endif
| #endif
| #ifdef HAVE_STRING_H
| # if !defined STDC_HEADERS && defined HAVE_MEMORY_H
| #  include <memory.h>
| # endif
| # include <string.h>
| #endif
| #ifdef HAVE_STRINGS_H
| # include <strings.h>
| #endif
| #ifdef HAVE_INTTYPES_H
| # include <inttypes.h>
| #endif
| #ifdef HAVE_STDINT_H
| # include <stdint.h>
| #endif
| #ifdef HAVE_UNISTD_H
| # include <unistd.h>
| #endif
| #include <gif_lib.h>
configure:15980: result: no
configure:15980: checking gif_lib.h presence
configure:15980: gcc -E  -D_XOPEN_SOURCE=600 -I${includedir}  conftest.c
conftest.c:58:21: fatal error: gif_lib.h: No such file or directory
 #include <gif_lib.h>
                     ^
compilation terminated.
configure:15980: $? = 1
configure: failed program was:
| /* confdefs.h */
| #define PACKAGE_NAME "Workspace"
| #define PACKAGE_TARNAME "Workspace"
| #define PACKAGE_VERSION "0.0.8"
| #define PACKAGE_STRING "Workspace 0.0.8"
| #define PACKAGE_BUGREPORT ""
| #define PACKAGE_URL "http://worpskace.juddy.org/"
| #define PACKAGE "Workspace"
| #define VERSION "0.0.8"
| #define STDC_HEADERS 1
| #define HAVE_SYS_TYPES_H 1
| #define HAVE_SYS_STAT_H 1
| #define HAVE_STDLIB_H 1
| #define HAVE_STRING_H 1
| #define HAVE_MEMORY_H 1
| #define HAVE_STRINGS_H 1
| #define HAVE_INTTYPES_H 1
| #define HAVE_STDINT_H 1
| #define HAVE_UNISTD_H 1
| #define HAVE_DLFCN_H 1
| #define LT_OBJDIR ".libs/"
| #define HAVE_VPRINTF 1
| #define HAVE_GETHOSTNAME 1
| #define HAVE_SELECT 1
| #define HAVE_POLL 1
| #define HAVE_STRCASECMP 1
| #define HAVE_STRNCASECMP 1
| #define HAVE_SETSID 1
| #define HAVE_MALLINFO 1
| #define HAVE_MKSTEMP 1
| #define HAVE_SYSCONF 1
| #define HAVE_STRLCAT 1
| #define HAVE_STRLCAT 1
| #define HAVE_BSD_STRING_H 1
| #define HAVE_SYS_INOTIFY_H 1
| #define HAVE_INOTIFY 1
| #define HAVE_SYS_WAIT_H 1
| #define TIME_WITH_SYS_TIME 1
| #define HAVE_FCNTL_H 1
| #define HAVE_LIMITS_H 1
| #define HAVE_SYS_IOCTL_H 1
| #define HAVE_LIBINTL_H 1
| #define HAVE_POLL_H 1
| #define HAVE_MALLOC_H 1
| #define HAVE_CTYPE_H 1
| #define HAVE_STRING_H 1
| #define HAVE_STRINGS_H 1
| #define HAVE_DECL_SYS_SIGLIST 0
| #define HAVE_STDNORETURN 1
| #define RETSIGTYPE void
| #define HAVE_XINTERNATOMS 1
| #define HAVE_XCONVERTCASE 1
| #define SHAPE 1
| #define XSHM 1
| #define USE_PNG 1
| #define USE_JPEG 1
| /* end confdefs.h.  */
| #include <gif_lib.h>
configure:15980: result: no
configure:15980: checking for gif_lib.h
configure:15980: result: no
configure:16023: checking for TIFFGetVersion in -ltiff
configure:16048: gcc -o conftest -g -O2 -Wall -Wextra -Wno-sign-compare -Wno-unused-parameter -Wno-deprecated -Wno-deprecated-declarations  -D_XOPEN_SOURCE=600  -L${libdir}  conftest.c -ltiff -lm  >&5
/usr/bin/ld: cannot find -ltiff
collect2: error: ld returned 1 exit status
configure:16048: $? = 1
configure: failed program was:
| /* confdefs.h */
| #define PACKAGE_NAME "Workspace"
| #define PACKAGE_TARNAME "Workspace"
| #define PACKAGE_VERSION "0.0.8"
| #define PACKAGE_STRING "Workspace 0.0.8"
| #define PACKAGE_BUGREPORT ""
| #define PACKAGE_URL "http://worpskace.juddy.org/"
| #define PACKAGE "Workspace"
| #define VERSION "0.0.8"
| #define STDC_HEADERS 1
| #define HAVE_SYS_TYPES_H 1
| #define HAVE_SYS_STAT_H 1
| #define HAVE_STDLIB_H 1
| #define HAVE_STRING_H 1
| #define HAVE_MEMORY_H 1
| #define HAVE_STRINGS_H 1
| #define HAVE_INTTYPES_H 1
| #define HAVE_STDINT_H 1
| #define HAVE_UNISTD_H 1
| #define HAVE_DLFCN_H 1
| #define LT_OBJDIR ".libs/"
| #define HAVE_VPRINTF 1
| #define HAVE_GETHOSTNAME 1
| #define HAVE_SELECT 1
| #define HAVE_POLL 1
| #define HAVE_STRCASECMP 1
| #define HAVE_STRNCASECMP 1
| #define HAVE_SETSID 1
| #define HAVE_MALLINFO 1
| #define HAVE_MKSTEMP 1
| #define HAVE_SYSCONF 1
| #define HAVE_STRLCAT 1
| #define HAVE_STRLCAT 1
| #define HAVE_BSD_STRING_H 1
| #define HAVE_SYS_INOTIFY_H 1
| #define HAVE_INOTIFY 1
| #define HAVE_SYS_WAIT_H 1
| #define TIME_WITH_SYS_TIME 1
| #define HAVE_FCNTL_H 1
| #define HAVE_LIMITS_H 1
| #define HAVE_SYS_IOCTL_H 1
| #define HAVE_LIBINTL_H 1
| #define HAVE_POLL_H 1
| #define HAVE_MALLOC_H 1
| #define HAVE_CTYPE_H 1
| #define HAVE_STRING_H 1
| #define HAVE_STRINGS_H 1
| #define HAVE_DECL_SYS_SIGLIST 0
| #define HAVE_STDNORETURN 1
| #define RETSIGTYPE void
| #define HAVE_XINTERNATOMS 1
| #define HAVE_XCONVERTCASE 1
| #define SHAPE 1
| #define XSHM 1
| #define USE_PNG 1
| #define USE_JPEG 1
| /* end confdefs.h.  */
| 
| /* Override any GCC internal prototype to avoid an error.
|    Use char because int might match the return type of a GCC
|    builtin and then its argument prototype would still apply.  */
| #ifdef __cplusplus
| extern "C"
| #endif
| char TIFFGetVersion ();
| int
| main ()
| {
| return TIFFGetVersion ();
|   ;
|   return 0;
| }
configure:16057: result: no
configure:16075: checking for TIFFGetVersion in -ltiff
configure:16100: gcc -o conftest -g -O2 -Wall -Wextra -Wno-sign-compare -Wno-unused-parameter -Wno-deprecated -Wno-deprecated-declarations  -D_XOPEN_SOURCE=600  -L${libdir}  conftest.c -ltiff -ljpeg -lz -lm  >&5
/usr/bin/ld: cannot find -ltiff
collect2: error: ld returned 1 exit status
configure:16100: $? = 1
configure: failed program was:
| /* confdefs.h */
| #define PACKAGE_NAME "Workspace"
| #define PACKAGE_TARNAME "Workspace"
| #define PACKAGE_VERSION "0.0.8"
| #define PACKAGE_STRING "Workspace 0.0.8"
| #define PACKAGE_BUGREPORT ""
| #define PACKAGE_URL "http://worpskace.juddy.org/"
| #define PACKAGE "Workspace"
| #define VERSION "0.0.8"
| #define STDC_HEADERS 1
| #define HAVE_SYS_TYPES_H 1
| #define HAVE_SYS_STAT_H 1
| #define HAVE_STDLIB_H 1
| #define HAVE_STRING_H 1
| #define HAVE_MEMORY_H 1
| #define HAVE_STRINGS_H 1
| #define HAVE_INTTYPES_H 1
| #define HAVE_STDINT_H 1
| #define HAVE_UNISTD_H 1
| #define HAVE_DLFCN_H 1
| #define LT_OBJDIR ".libs/"
| #define HAVE_VPRINTF 1
| #define HAVE_GETHOSTNAME 1
| #define HAVE_SELECT 1
| #define HAVE_POLL 1
| #define HAVE_STRCASECMP 1
| #define HAVE_STRNCASECMP 1
| #define HAVE_SETSID 1
| #define HAVE_MALLINFO 1
| #define HAVE_MKSTEMP 1
| #define HAVE_SYSCONF 1
| #define HAVE_STRLCAT 1
| #define HAVE_STRLCAT 1
| #define HAVE_BSD_STRING_H 1
| #define HAVE_SYS_INOTIFY_H 1
| #define HAVE_INOTIFY 1
| #define HAVE_SYS_WAIT_H 1
| #define TIME_WITH_SYS_TIME 1
| #define HAVE_FCNTL_H 1
| #define HAVE_LIMITS_H 1
| #define HAVE_SYS_IOCTL_H 1
| #define HAVE_LIBINTL_H 1
| #define HAVE_POLL_H 1
| #define HAVE_MALLOC_H 1
| #define HAVE_CTYPE_H 1
| #define HAVE_STRING_H 1
| #define HAVE_STRINGS_H 1
| #define HAVE_DECL_SYS_SIGLIST 0
| #define HAVE_STDNORETURN 1
| #define RETSIGTYPE void
| #define HAVE_XINTERNATOMS 1
| #define HAVE_XCONVERTCASE 1
| #define SHAPE 1
| #define XSHM 1
| #define USE_PNG 1
| #define USE_JPEG 1
| /* end confdefs.h.  */
| 
| /* Override any GCC internal prototype to avoid an error.
|    Use char because int might match the return type of a GCC
|    builtin and then its argument prototype would still apply.  */
| #ifdef __cplusplus
| extern "C"
| #endif
| char TIFFGetVersion ();
| int
| main ()
| {
| return TIFFGetVersion ();
|   ;
|   return 0;
| }
configure:16109: result: no
configure:16128: checking for TIFFGetVersion in -ltiff34
configure:16153: gcc -o conftest -g -O2 -Wall -Wextra -Wno-sign-compare -Wno-unused-parameter -Wno-deprecated -Wno-deprecated-declarations  -D_XOPEN_SOURCE=600  -L${libdir}  conftest.c -ltiff34 -ljpeg -lm  >&5
/usr/bin/ld: cannot find -ltiff34
collect2: error: ld returned 1 exit status
configure:16153: $? = 1
configure: failed program was:
| /* confdefs.h */
| #define PACKAGE_NAME "Workspace"
| #define PACKAGE_TARNAME "Workspace"
| #define PACKAGE_VERSION "0.0.8"
| #define PACKAGE_STRING "Workspace 0.0.8"
| #define PACKAGE_BUGREPORT ""
| #define PACKAGE_URL "http://worpskace.juddy.org/"
| #define PACKAGE "Workspace"
| #define VERSION "0.0.8"
| #define STDC_HEADERS 1
| #define HAVE_SYS_TYPES_H 1
| #define HAVE_SYS_STAT_H 1
| #define HAVE_STDLIB_H 1
| #define HAVE_STRING_H 1
| #define HAVE_MEMORY_H 1
| #define HAVE_STRINGS_H 1
| #define HAVE_INTTYPES_H 1
| #define HAVE_STDINT_H 1
| #define HAVE_UNISTD_H 1
| #define HAVE_DLFCN_H 1
| #define LT_OBJDIR ".libs/"
| #define HAVE_VPRINTF 1
| #define HAVE_GETHOSTNAME 1
| #define HAVE_SELECT 1
| #define HAVE_POLL 1
| #define HAVE_STRCASECMP 1
| #define HAVE_STRNCASECMP 1
| #define HAVE_SETSID 1
| #define HAVE_MALLINFO 1
| #define HAVE_MKSTEMP 1
| #define HAVE_SYSCONF 1
| #define HAVE_STRLCAT 1
| #define HAVE_STRLCAT 1
| #define HAVE_BSD_STRING_H 1
| #define HAVE_SYS_INOTIFY_H 1
| #define HAVE_INOTIFY 1
| #define HAVE_SYS_WAIT_H 1
| #define TIME_WITH_SYS_TIME 1
| #define HAVE_FCNTL_H 1
| #define HAVE_LIMITS_H 1
| #define HAVE_SYS_IOCTL_H 1
| #define HAVE_LIBINTL_H 1
| #define HAVE_POLL_H 1
| #define HAVE_MALLOC_H 1
| #define HAVE_CTYPE_H 1
| #define HAVE_STRING_H 1
| #define HAVE_STRINGS_H 1
| #define HAVE_DECL_SYS_SIGLIST 0
| #define HAVE_STDNORETURN 1
| #define RETSIGTYPE void
| #define HAVE_XINTERNATOMS 1
| #define HAVE_XCONVERTCASE 1
| #define SHAPE 1
| #define XSHM 1
| #define USE_PNG 1
| #define USE_JPEG 1
| /* end confdefs.h.  */
| 
| /* Override any GCC internal prototype to avoid an error.
|    Use char because int might match the return type of a GCC
|    builtin and then its argument prototype would still apply.  */
| #ifdef __cplusplus
| extern "C"
| #endif
| char TIFFGetVersion ();
| int
| main ()
| {
| return TIFFGetVersion ();
|   ;
|   return 0;
| }
configure:16162: result: no
configure:16232: checking for stdlib.h
configure:16232: result: yes
configure:16311: checking if LD -Wl,--version-script works
configure:16335: gcc -o conftest -g -O2 -Wall -Wextra -Wno-sign-compare -Wno-unused-parameter -Wno-deprecated -Wno-deprecated-declarations  -D_XOPEN_SOURCE=600  -Wl,--version-script=conftest.map conftest.c  >&5
configure:16335: $? = 0
configure:16344: result: yes
configure:16468: checking that generated files are newer than configure
configure:16474: result: done
configure:16533: creating ./config.status

## ---------------- ##
## Cache variables. ##
## ---------------- ##

ac_cv_build=x86_64-unknown-linux-gnu
ac_cv_c_compiler_gnu=yes
ac_cv_c_const=yes
ac_cv_c_inline=inline
ac_cv_env_CC_set=
ac_cv_env_CC_value=
ac_cv_env_CFLAGS_set=
ac_cv_env_CFLAGS_value=
ac_cv_env_CPPFLAGS_set=
ac_cv_env_CPPFLAGS_value=
ac_cv_env_CPP_set=
ac_cv_env_CPP_value=
ac_cv_env_LDFLAGS_set=
ac_cv_env_LDFLAGS_value=
ac_cv_env_LIBS_set=
ac_cv_env_LIBS_value=
ac_cv_env_XMKMF_set=
ac_cv_env_XMKMF_value=
ac_cv_env_build_alias_set=
ac_cv_env_build_alias_value=
ac_cv_env_host_alias_set=
ac_cv_env_host_alias_value=
ac_cv_env_target_alias_set=
ac_cv_env_target_alias_value=
ac_cv_func__doprnt=no
ac_cv_func_atan=no
ac_cv_func_connect=yes
ac_cv_func_gethostbyname=yes
ac_cv_func_gethostname=yes
ac_cv_func_gettext=yes
ac_cv_func_mallinfo=yes
ac_cv_func_memcmp_working=yes
ac_cv_func_mkstemp=yes
ac_cv_func_poll=yes
ac_cv_func_remove=yes
ac_cv_func_select=yes
ac_cv_func_setsid=yes
ac_cv_func_shmat=yes
ac_cv_func_shmget=yes
ac_cv_func_strcasecmp=yes
ac_cv_func_strncasecmp=yes
ac_cv_func_sysconf=yes
ac_cv_func_vprintf=yes
ac_cv_have_decl_sys_siglist=no
ac_cv_have_x='have_x=yes	ac_x_includes='\'''\''	ac_x_libraries='\'''\'''
ac_cv_header_bsd_string_h=yes
ac_cv_header_ctype_h=yes
ac_cv_header_dlfcn_h=yes
ac_cv_header_fcntl_h=yes
ac_cv_header_gif_lib_h=no
ac_cv_header_inttypes_h=yes
ac_cv_header_jpeglib_h=yes
ac_cv_header_libintl_h=yes
ac_cv_header_limits_h=yes
ac_cv_header_malloc_h=yes
ac_cv_header_math_h=yes
ac_cv_header_memory_h=yes
ac_cv_header_png_h=yes
ac_cv_header_poll_h=yes
ac_cv_header_stdc=yes
ac_cv_header_stdint_h=yes
ac_cv_header_stdlib_h=yes
ac_cv_header_string_h=yes
ac_cv_header_strings_h=yes
ac_cv_header_sys_inotify_h=yes
ac_cv_header_sys_ioctl_h=yes
ac_cv_header_sys_stat_h=yes
ac_cv_header_sys_types_h=yes
ac_cv_header_sys_wait_h=yes
ac_cv_header_time=yes
ac_cv_header_unistd_h=yes
ac_cv_host=x86_64-unknown-linux-gnu
ac_cv_lib_ICE_IceConnectionNumber=yes
ac_cv_lib_X11_XConvertCase=yes
ac_cv_lib_X11_XInternAtoms=yes
ac_cv_lib_X11__Xsetlocale=no
ac_cv_lib_Xext_XShapeSelectInput=yes
ac_cv_lib_Xext_XShmAttach=yes
ac_cv_lib_Xpm_XpmCreatePixmapFromData=no
ac_cv_lib_gif_DGifOpenFileName=no
ac_cv_lib_jpeg_jpeg_destroy_compress=yes
ac_cv_lib_m_atan=yes
ac_cv_lib_png_png_get_valid=yes
ac_cv_lib_tiff34_TIFFGetVersion=no
ac_cv_lib_tiff_TIFFGetVersion=no
ac_cv_lib_ungif_DGifOpenFileName=no
ac_cv_lib_xft_version_ok=yes
ac_cv_objext=o
ac_cv_path_EGREP='/bin/grep -E'
ac_cv_path_FGREP='/bin/grep -F'
ac_cv_path_GREP=/bin/grep
ac_cv_path_SED=/bin/sed
ac_cv_path_install='/usr/bin/install -c'
ac_cv_path_mkdir=/bin/mkdir
ac_cv_prog_AWK=gawk
ac_cv_prog_CPP='gcc -E'
ac_cv_prog_PKGCONFIG=pkg-config
ac_cv_prog_XGETTEXT=xgettext
ac_cv_prog_ac_ct_AR=ar
ac_cv_prog_ac_ct_CC=gcc
ac_cv_prog_ac_ct_MANIFEST_TOOL=mt
ac_cv_prog_ac_ct_OBJDUMP=objdump
ac_cv_prog_ac_ct_RANLIB=ranlib
ac_cv_prog_ac_ct_STRIP=strip
ac_cv_prog_cc_c89=
ac_cv_prog_cc_g=yes
ac_cv_prog_gcc_traditional=no
ac_cv_prog_make_make_set=yes
ac_cv_search_strerror='none required'
ac_cv_search_strlcat=-lbsd
ac_cv_search_strlcpy='none required'
ac_cv_type_pid_t=yes
ac_cv_type_signal=void
ac_cv_type_size_t=yes
am_cv_CC_dependencies_compiler_type=gcc3
am_cv_make_support_nested_variables=yes
am_cv_prog_cc_c_o=yes
ax_cv_cflags_gcc_option__Wall=-Wall
ax_cv_cflags_gcc_option__Wextra__Wno_sign_compare__Wno_unused_parameter='-Wextra -Wno-sign-compare -Wno-unused-parameter'
ax_cv_cflags_gcc_option__Wno_deprecated=-Wno-deprecated
ax_cv_cflags_gcc_option__Wno_deprecated_declarations=-Wno-deprecated-declarations
lt_cv_ar_at_file=@
lt_cv_archive_cmds_need_lc=no
lt_cv_deplibs_check_method=pass_all
lt_cv_file_magic_cmd='$MAGIC_CMD'
lt_cv_file_magic_test_file=
lt_cv_ld_reload_flag=-r
lt_cv_nm_interface='BSD nm'
lt_cv_objdir=.libs
lt_cv_path_LD=/usr/bin/ld
lt_cv_path_NM='/usr/bin/nm -B'
lt_cv_path_mainfest_tool=no
lt_cv_prog_compiler_c_o=yes
lt_cv_prog_compiler_pic='-fPIC -DPIC'
lt_cv_prog_compiler_pic_works=yes
lt_cv_prog_compiler_rtti_exceptions=no
lt_cv_prog_compiler_static_works=yes
lt_cv_prog_gnu_ld=yes
lt_cv_sharedlib_from_linklib_cmd='printf %s\n'
lt_cv_shlibpath_overrides_runpath=yes
lt_cv_sys_global_symbol_pipe='sed -n -e '\''s/^.*[	 ]\([ABCDGIRSTW][ABCDGIRSTW]*\)[	 ][	 ]*\([_A-Za-z][_A-Za-z0-9]*\)$/\1 \2 \2/p'\'' | sed '\''/ __gnu_lto/d'\'''
lt_cv_sys_global_symbol_to_c_name_address='sed -n -e '\''s/^: \([^ ]*\)[ ]*$/  {\"\1\", (void *) 0},/p'\'' -e '\''s/^[ABCDGIRSTW]* \([^ ]*\) \([^ ]*\)$/  {"\2", (void *) \&\2},/p'\'''
lt_cv_sys_global_symbol_to_c_name_address_lib_prefix='sed -n -e '\''s/^: \([^ ]*\)[ ]*$/  {\"\1\", (void *) 0},/p'\'' -e '\''s/^[ABCDGIRSTW]* \([^ ]*\) \(lib[^ ]*\)$/  {"\2", (void *) \&\2},/p'\'' -e '\''s/^[ABCDGIRSTW]* \([^ ]*\) \([^ ]*\)$/  {"lib\2", (void *) \&\2},/p'\'''
lt_cv_sys_global_symbol_to_cdecl='sed -n -e '\''s/^T .* \(.*\)$/extern int \1();/p'\'' -e '\''s/^[ABCDGIRSTW]* .* \(.*\)$/extern char \1;/p'\'''
lt_cv_sys_max_cmd_len=1572864
lt_cv_to_host_file_cmd=func_convert_file_noop
lt_cv_to_tool_file_cmd=func_convert_file_noop
wm_cv_c_noreturn=stdnoreturn

## ----------------- ##
## Output variables. ##
## ----------------- ##

ACLOCAL='${SHELL} /home/wjk/Code/workspace/missing aclocal-1.15'
AMDEPBACKSLASH='\'
AMDEP_FALSE='#'
AMDEP_TRUE=''
AMTAR='$${TAR-tar}'
AM_BACKSLASH='\'
AM_DEFAULT_V='$(AM_DEFAULT_VERBOSITY)'
AM_DEFAULT_VERBOSITY='1'
AM_V='$(V)'
AR='ar'
AUTOCONF='${SHELL} /home/wjk/Code/workspace/missing autoconf'
AUTOHEADER='${SHELL} /home/wjk/Code/workspace/missing autoheader'
AUTOMAKE='${SHELL} /home/wjk/Code/workspace/missing automake-1.15'
AWK='gawk'
CC='gcc'
CCDEPMODE='depmode=gcc3'
CFLAGS='-g -O2 -Wall -Wextra -Wno-sign-compare -Wno-unused-parameter -Wno-deprecated -Wno-deprecated-declarations'
CPP='gcc -E'
CPPFLAGS=' -D_XOPEN_SOURCE=600'
CYGPATH_W='echo'
DEFS='-DHAVE_CONFIG_H'
DEPDIR='.deps'
DLLTOOL='false'
DSYMUTIL=''
DUMPBIN=''
ECHO_C=''
ECHO_N='-n'
ECHO_T=''
EGREP='/bin/grep -E'
EXEEXT=''
FCLIBS='-lfontconfig -lfreetype'
FGREP='/bin/grep -F'
GFXLIBS=' -lpng -ljpeg'
GREP='/bin/grep'
HAVE_LD_VERSION_SCRIPT_FALSE='#'
HAVE_LD_VERSION_SCRIPT_TRUE=''
HEADER_SEARCH_PATH='-I${includedir} '
ICONEXT='png'
ICON_EXT_TIFF_FALSE=''
ICON_EXT_TIFF_TRUE='#'
ICON_EXT_XPM_FALSE=''
ICON_EXT_XPM_TRUE='#'
INSTALL_DATA='${INSTALL} -m 644'
INSTALL_PROGRAM='${INSTALL}'
INSTALL_SCRIPT='${INSTALL}'
INSTALL_STRIP_PROGRAM='$(install_sh) -c -s'
INTLIBS=''
LD='/usr/bin/ld -m elf_x86_64'
LDFLAGS=''
LIBBSD='-lbsd'
LIBM='-lm'
LIBOBJS=''
LIBRARY_SEARCH_PATH='-L${libdir} '
LIBS=''
LIBTOOL='$(SHELL) $(top_builddir)/libtool'
LIBXINERAMA=''
LIBXMU='-lXmu'
LIBXRANDR=''
LIPO=''
LN_S='ln -s'
LTLIBOBJS=''
MAKEINFO='${SHELL} /home/wjk/Code/workspace/missing makeinfo'
MANIFEST_TOOL=':'
MKDIR_P='/bin/mkdir -p'
MOFILES=''
NLSDIR='$(prefix)/lib/locale'
NM='/usr/bin/nm -B'
NMEDIT=''
OBJDUMP='objdump'
OBJEXT='o'
OTOOL64=''
OTOOL=''
PACKAGE='Workspace'
PACKAGE_BUGREPORT=''
PACKAGE_NAME='Workspace'
PACKAGE_STRING='Workspace 0.0.8'
PACKAGE_TARNAME='Workspace'
PACKAGE_URL='http://worpskace.juddy.org/'
PACKAGE_VERSION='0.0.8'
PATH_SEPARATOR=':'
PKGCONFIG='pkg-config'
RANLIB='ranlib'
SED='/bin/sed'
SET_MAKE=''
SHELL='/bin/bash'
STRIP='strip'
USE_LCOV_FALSE=''
USE_LCOV_TRUE='#'
UTILMOFILES=''
VERSION='0.0.8'
WINGSMOFILES=''
WINGS_VERSION='2:1:0'
WM_OSDEP_BSD_FALSE=''
WM_OSDEP_BSD_TRUE='#'
WM_OSDEP_DARWIN_FALSE=''
WM_OSDEP_DARWIN_TRUE='#'
WM_OSDEP_GENERIC_FALSE=''
WM_OSDEP_GENERIC_TRUE='#'
WM_OSDEP_LINUX_FALSE='#'
WM_OSDEP_LINUX_TRUE=''
WPMOFILES=''
WRASTER_VERSION='4:1:1'
WUTIL_VERSION='3:0:0'
XCFLAGS=''
XFTCONFIG='pkg-config xft'
XFTFLAGS='-I/usr/include/freetype2'
XFTLIBS='-lXft'
XGETTEXT='xgettext'
XLFLAGS=''
XLIBS='-lXext -lXext -lX11 '
XMKMF=''
X_CFLAGS=''
X_EXTRA_LIBS=''
X_LIBRARY_PATH=''
X_LIBS=''
X_PRE_LIBS=' -lSM -lICE'
ac_ct_AR='ar'
ac_ct_CC='gcc'
ac_ct_DUMPBIN=''
am__EXEEXT_FALSE=''
am__EXEEXT_TRUE='#'
am__fastdepCC_FALSE='#'
am__fastdepCC_TRUE=''
am__include='include'
am__isrc=''
am__leading_dot='.'
am__nodep='_no'
am__quote=''
am__tar='$${TAR-tar} chof - "$$tardir"'
am__untar='$${TAR-tar} xf -'
bindir='${exec_prefix}/bin'
build='x86_64-unknown-linux-gnu'
build_alias=''
build_cpu='x86_64'
build_os='linux-gnu'
build_vendor='unknown'
datadir='${datarootdir}'
datarootdir='${prefix}/share'
docdir='${datarootdir}/doc/${PACKAGE_TARNAME}'
dvidir='${docdir}'
exec_prefix='${prefix}'
host='x86_64-unknown-linux-gnu'
host_alias=''
host_cpu='x86_64'
host_os='linux-gnu'
host_vendor='unknown'
htmldir='${docdir}'
inc_search_path='-I${includedir} '
includedir='${prefix}/include'
infodir='${datarootdir}/info'
install_sh='${SHELL} /home/wjk/Code/workspace/install-sh'
lcov_output_directory=''
lib_search_path='-L${libdir} '
libdir='${exec_prefix}/lib'
libexecdir='${exec_prefix}/libexec'
localedir='${datarootdir}/locale'
localstatedir='${prefix}/var'
mandir='${datarootdir}/man'
menutextdomain=''
mkdir_p='$(MKDIR_P)'
oldincludedir='/usr/include'
pdfdir='${docdir}'
pixmapdir='${datadir}/pixmaps'
prefix='/usr/local'
program_transform_name='s,x,x,'
psdir='${docdir}'
runstatedir='${localstatedir}/run'
sbindir='${exec_prefix}/sbin'
sharedstatedir='${prefix}/com'
supported_locales='be bg bs ca cs da de el es et fi fr gl hr hu hy it ja ko ms nl no pl pt ro ru sk sv tr zh_CN zh_TW'
sysconfdir='${prefix}/etc'
target_alias=''
wprefs_bindir='${exec_prefix}/bin'
wprefs_datadir='${datarootdir}/WPrefs'

## ----------- ##
## confdefs.h. ##
## ----------- ##

/* confdefs.h */
#define PACKAGE_NAME "Workspace"
#define PACKAGE_TARNAME "Workspace"
#define PACKAGE_VERSION "0.0.8"
#define PACKAGE_STRING "Workspace 0.0.8"
#define PACKAGE_BUGREPORT ""
#define PACKAGE_URL "http://worpskace.juddy.org/"
#define PACKAGE "Workspace"
#define VERSION "0.0.8"
#define STDC_HEADERS 1
#define HAVE_SYS_TYPES_H 1
#define HAVE_SYS_STAT_H 1
#define HAVE_STDLIB_H 1
#define HAVE_STRING_H 1
#define HAVE_MEMORY_H 1
#define HAVE_STRINGS_H 1
#define HAVE_INTTYPES_H 1
#define HAVE_STDINT_H 1
#define HAVE_UNISTD_H 1
#define HAVE_DLFCN_H 1
#define LT_OBJDIR ".libs/"
#define HAVE_VPRINTF 1
#define HAVE_GETHOSTNAME 1
#define HAVE_SELECT 1
#define HAVE_POLL 1
#define HAVE_STRCASECMP 1
#define HAVE_STRNCASECMP 1
#define HAVE_SETSID 1
#define HAVE_MALLINFO 1
#define HAVE_MKSTEMP 1
#define HAVE_SYSCONF 1
#define HAVE_STRLCAT 1
#define HAVE_STRLCAT 1
#define HAVE_BSD_STRING_H 1
#define HAVE_SYS_INOTIFY_H 1
#define HAVE_INOTIFY 1
#define HAVE_SYS_WAIT_H 1
#define TIME_WITH_SYS_TIME 1
#define HAVE_FCNTL_H 1
#define HAVE_LIMITS_H 1
#define HAVE_SYS_IOCTL_H 1
#define HAVE_LIBINTL_H 1
#define HAVE_POLL_H 1
#define HAVE_MALLOC_H 1
#define HAVE_CTYPE_H 1
#define HAVE_STRING_H 1
#define HAVE_STRINGS_H 1
#define HAVE_DECL_SYS_SIGLIST 0
#define HAVE_STDNORETURN 1
#define RETSIGTYPE void
#define HAVE_XINTERNATOMS 1
#define HAVE_XCONVERTCASE 1
#define SHAPE 1
#define XSHM 1
#define USE_PNG 1
#define USE_JPEG 1
#define HAVE_STDLIB_H 1

configure: exit 0

## ---------------------- ##
## Running config.status. ##
## ---------------------- ##

This file was extended by Workspace config.status 0.0.8, which was
generated by GNU Autoconf 2.69.  Invocation command line was

  CONFIG_FILES    = 
  CONFIG_HEADERS  = 
  CONFIG_LINKS    = 
  CONFIG_COMMANDS = 
  $ ./config.status 

on t400

config.status:1207: creating Makefile
config.status:1207: creating po/Makefile
config.status:1207: creating util/Makefile
config.status:1207: creating util/po/Makefile
config.status:1207: creating test/Makefile
config.status:1207: creating WINGs/Makefile
config.status:1207: creating WINGs/WINGs/Makefile
config.status:1207: creating WINGs/Documentation/Makefile
config.status:1207: creating WINGs/Examples/Makefile
config.status:1207: creating WINGs/Resources/Makefile
config.status:1207: creating WINGs/Tests/Makefile
config.status:1207: creating WINGs/Extras/Makefile
config.status:1207: creating WINGs/po/Makefile
config.status:1207: creating wmlib/Makefile
config.status:1207: creating wrlib/Makefile
config.status:1207: creating wrlib/tests/Makefile
config.status:1207: creating src/Makefile
config.status:1207: creating src/wconfig.h
config.status:1207: creating doc/Makefile
config.status:1207: creating doc/sk/Makefile
config.status:1207: creating doc/cs/Makefile
config.status:1207: creating doc/ru/Makefile
config.status:1207: creating Workspace/Makefile
config.status:1207: creating Workspace/Backgrounds/Makefile
config.status:1207: creating Workspace/Defaults/Makefile
config.status:1207: creating Workspace/IconSets/Makefile
config.status:1207: creating Workspace/Icons/Makefile
config.status:1207: creating Workspace/Pixmaps/Makefile
config.status:1207: creating Workspace/Styles/Makefile
config.status:1207: creating Workspace/Themes/Makefile
config.status:1207: creating WPrefs.app/Makefile
config.status:1207: creating WPrefs.app/xpm/Makefile
config.status:1207: creating WPrefs.app/po/Makefile
config.status:1207: creating config.h
config.status:1388: config.h is unchanged
config.status:1436: executing depfiles commands
config.status:1436: executing libtool commands
